{"/home/jorus/Desktop/microservices/bank/src/metrics.ts": {"path":"/home/jorus/Desktop/microservices/bank/src/metrics.ts","statementMap":{"0":{"start":{"line":1,"column":0},"end":{"line":1,"column":33}},"1":{"start":{"line":3,"column":13},"end":{"line":3,"column":46}},"2":{"start":{"line":5,"column":0},"end":{"line":5,"column":43}},"3":{"start":{"line":7,"column":13},"end":{"line":13,"column":3}},"4":{"start":{"line":15,"column":13},"end":{"line":20,"column":3}}},"fnMap":{},"branchMap":{},"s":{"0":0,"1":0,"2":0,"3":0,"4":0},"f":{},"b":{}}
,"/home/jorus/Desktop/microservices/bank/src/__tests__/factories.ts": {"path":"/home/jorus/Desktop/microservices/bank/src/__tests__/factories.ts","statementMap":{"0":{"start":{"line":1,"column":0},"end":{"line":1,"column":31}},"1":{"start":{"line":3,"column":33},"end":{"line":12,"column":2}},"2":{"start":{"line":3,"column":64},"end":{"line":12,"column":2}},"3":{"start":{"line":3,"column":13},"end":{"line":3,"column":33}},"4":{"start":{"line":14,"column":33},"end":{"line":22,"column":2}},"5":{"start":{"line":14,"column":64},"end":{"line":22,"column":2}},"6":{"start":{"line":14,"column":13},"end":{"line":14,"column":33}},"7":{"start":{"line":24,"column":29},"end":{"line":36,"column":1}},"8":{"start":{"line":28,"column":25},"end":{"line":32,"column":4}},"9":{"start":{"line":33,"column":2},"end":{"line":35,"column":5}},"10":{"start":{"line":24,"column":13},"end":{"line":24,"column":29}},"11":{"start":{"line":38,"column":44},"end":{"line":41,"column":2}},"12":{"start":{"line":38,"column":67},"end":{"line":41,"column":2}},"13":{"start":{"line":38,"column":13},"end":{"line":38,"column":44}},"14":{"start":{"line":43,"column":44},"end":{"line":46,"column":2}},"15":{"start":{"line":43,"column":64},"end":{"line":46,"column":2}},"16":{"start":{"line":43,"column":13},"end":{"line":43,"column":44}},"17":{"start":{"line":48,"column":42},"end":{"line":54,"column":2}},"18":{"start":{"line":48,"column":73},"end":{"line":54,"column":2}},"19":{"start":{"line":48,"column":13},"end":{"line":48,"column":42}}},"fnMap":{"0":{"name":"(anonymous_1)","decl":{"start":{"line":3,"column":33},"end":{"line":3,"column":34}},"loc":{"start":{"line":3,"column":64},"end":{"line":12,"column":2}}},"1":{"name":"(anonymous_2)","decl":{"start":{"line":14,"column":33},"end":{"line":14,"column":34}},"loc":{"start":{"line":14,"column":64},"end":{"line":22,"column":2}}},"2":{"name":"(anonymous_3)","decl":{"start":{"line":24,"column":29},"end":{"line":24,"column":null}},"loc":{"start":{"line":27,"column":4},"end":{"line":36,"column":1}}},"3":{"name":"(anonymous_4)","decl":{"start":{"line":38,"column":44},"end":{"line":38,"column":45}},"loc":{"start":{"line":38,"column":67},"end":{"line":41,"column":2}}},"4":{"name":"(anonymous_5)","decl":{"start":{"line":43,"column":44},"end":{"line":43,"column":45}},"loc":{"start":{"line":43,"column":64},"end":{"line":46,"column":2}}},"5":{"name":"(anonymous_6)","decl":{"start":{"line":48,"column":42},"end":{"line":48,"column":43}},"loc":{"start":{"line":48,"column":73},"end":{"line":54,"column":2}}}},"branchMap":{"0":{"loc":{"start":{"line":26,"column":2},"end":{"line":26,"column":50}},"type":"default-arg","locations":[{"start":{"line":26,"column":11},"end":{"line":26,"column":50}}]},"1":{"loc":{"start":{"line":26,"column":11},"end":{"line":26,"column":50}},"type":"binary-expr","locations":[{"start":{"line":26,"column":11},"end":{"line":26,"column":33}},{"start":{"line":26,"column":37},"end":{"line":26,"column":50}}]},"2":{"loc":{"start":{"line":40,"column":8},"end":{"line":40,"column":41}},"type":"binary-expr","locations":[{"start":{"line":40,"column":8},"end":{"line":40,"column":16}},{"start":{"line":40,"column":20},"end":{"line":40,"column":41}}]},"3":{"loc":{"start":{"line":45,"column":8},"end":{"line":45,"column":38}},"type":"binary-expr","locations":[{"start":{"line":45,"column":8},"end":{"line":45,"column":15}},{"start":{"line":45,"column":19},"end":{"line":45,"column":38}}]}},"s":{"0":3,"1":3,"2":15,"3":3,"4":3,"5":13,"6":3,"7":3,"8":0,"9":0,"10":3,"11":3,"12":1,"13":3,"14":3,"15":2,"16":3,"17":3,"18":11,"19":3},"f":{"0":15,"1":13,"2":0,"3":1,"4":2,"5":11},"b":{"0":[0],"1":[0,0],"2":[1,0],"3":[2,0]}}
,"/home/jorus/Desktop/microservices/bank/src/__tests__/test-helpers.ts": {"path":"/home/jorus/Desktop/microservices/bank/src/__tests__/test-helpers.ts","statementMap":{"0":{"start":{"line":1,"column":0},"end":{"line":1,"column":26}},"1":{"start":{"line":4,"column":32},"end":{"line":6,"column":1}},"2":{"start":{"line":5,"column":2},"end":{"line":5,"column":44}},"3":{"start":{"line":4,"column":13},"end":{"line":4,"column":32}},"4":{"start":{"line":8,"column":38},"end":{"line":10,"column":1}},"5":{"start":{"line":9,"column":2},"end":{"line":9,"column":15}},"6":{"start":{"line":8,"column":13},"end":{"line":8,"column":38}},"7":{"start":{"line":12,"column":41},"end":{"line":14,"column":1}},"8":{"start":{"line":13,"column":2},"end":{"line":13,"column":18}},"9":{"start":{"line":12,"column":13},"end":{"line":12,"column":41}}},"fnMap":{"0":{"name":"(anonymous_1)","decl":{"start":{"line":4,"column":32},"end":{"line":4,"column":35}},"loc":{"start":{"line":4,"column":37},"end":{"line":6,"column":1}}},"1":{"name":"(anonymous_2)","decl":{"start":{"line":8,"column":38},"end":{"line":8,"column":39}},"loc":{"start":{"line":8,"column":56},"end":{"line":10,"column":1}}},"2":{"name":"(anonymous_3)","decl":{"start":{"line":12,"column":41},"end":{"line":12,"column":42}},"loc":{"start":{"line":12,"column":62},"end":{"line":14,"column":1}}}},"branchMap":{},"s":{"0":0,"1":0,"2":0,"3":0,"4":0,"5":0,"6":0,"7":0,"8":0,"9":0},"f":{"0":0,"1":0,"2":0},"b":{}}
,"/home/jorus/Desktop/microservices/bank/src/config/index.ts": {"path":"/home/jorus/Desktop/microservices/bank/src/config/index.ts","statementMap":{"0":{"start":{"line":1,"column":13},"end":{"line":4,"column":11}}},"fnMap":{},"branchMap":{},"s":{"0":0},"f":{},"b":{}}
,"/home/jorus/Desktop/microservices/bank/src/mappers/mapper.ts": {"path":"/home/jorus/Desktop/microservices/bank/src/mappers/mapper.ts","statementMap":{"0":{"start":{"line":12,"column":29},"end":{"line":22,"column":1}},"1":{"start":{"line":13,"column":2},"end":{"line":21,"column":4}},"2":{"start":{"line":12,"column":13},"end":{"line":12,"column":29}},"3":{"start":{"line":24,"column":29},"end":{"line":33,"column":1}},"4":{"start":{"line":25,"column":2},"end":{"line":32,"column":4}},"5":{"start":{"line":24,"column":13},"end":{"line":24,"column":29}}},"fnMap":{"0":{"name":"(anonymous_0)","decl":{"start":{"line":12,"column":29},"end":{"line":12,"column":30}},"loc":{"start":{"line":12,"column":69},"end":{"line":22,"column":1}}},"1":{"name":"(anonymous_1)","decl":{"start":{"line":24,"column":29},"end":{"line":24,"column":30}},"loc":{"start":{"line":24,"column":61},"end":{"line":33,"column":1}}}},"branchMap":{},"s":{"0":0,"1":0,"2":0,"3":0,"4":0,"5":0},"f":{"0":0,"1":0},"b":{}}
,"/home/jorus/Desktop/microservices/bank/src/middleware/auth.ts": {"path":"/home/jorus/Desktop/microservices/bank/src/middleware/auth.ts","statementMap":{"0":{"start":{"line":1,"column":0},"end":{"line":1,"column":23}},"1":{"start":{"line":3,"column":0},"end":{"line":3,"column":47}},"2":{"start":{"line":4,"column":0},"end":{"line":4,"column":31}},"3":{"start":{"line":10,"column":35},"end":{"line":32,"column":1}},"4":{"start":{"line":15,"column":21},"end":{"line":15,"column":49}},"5":{"start":{"line":16,"column":2},"end":{"line":19,"column":3}},"6":{"start":{"line":17,"column":4},"end":{"line":17,"column":62}},"7":{"start":{"line":18,"column":4},"end":{"line":18,"column":77}},"8":{"start":{"line":20,"column":16},"end":{"line":20,"column":40}},"9":{"start":{"line":21,"column":2},"end":{"line":31,"column":3}},"10":{"start":{"line":22,"column":20},"end":{"line":24,"column":null}},"11":{"start":{"line":26,"column":4},"end":{"line":26,"column":23}},"12":{"start":{"line":27,"column":4},"end":{"line":27,"column":11}},"13":{"start":{"line":29,"column":4},"end":{"line":29,"column":46}},"14":{"start":{"line":30,"column":4},"end":{"line":30,"column":78}},"15":{"start":{"line":10,"column":13},"end":{"line":10,"column":35}}},"fnMap":{"0":{"name":"(anonymous_1)","decl":{"start":{"line":10,"column":35},"end":{"line":10,"column":null}},"loc":{"start":{"line":14,"column":4},"end":{"line":32,"column":1}}}},"branchMap":{"0":{"loc":{"start":{"line":16,"column":2},"end":{"line":19,"column":3}},"type":"if","locations":[{"start":{"line":16,"column":2},"end":{"line":19,"column":3}}]},"1":{"loc":{"start":{"line":16,"column":6},"end":{"line":16,"column":54}},"type":"binary-expr","locations":[{"start":{"line":16,"column":6},"end":{"line":16,"column":17}},{"start":{"line":16,"column":21},"end":{"line":16,"column":54}}]}},"s":{"0":0,"1":0,"2":0,"3":0,"4":0,"5":0,"6":0,"7":0,"8":0,"9":0,"10":0,"11":0,"12":0,"13":0,"14":0,"15":0},"f":{"0":0},"b":{"0":[0],"1":[0,0]}}
,"/home/jorus/Desktop/microservices/bank/src/middleware/metrics.ts": {"path":"/home/jorus/Desktop/microservices/bank/src/middleware/metrics.ts","statementMap":{"0":{"start":{"line":2,"column":0},"end":{"line":2,"column":67}},"1":{"start":{"line":5,"column":33},"end":{"line":21,"column":1}},"2":{"start":{"line":10,"column":14},"end":{"line":10,"column":46}},"3":{"start":{"line":11,"column":2},"end":{"line":19,"column":5}},"4":{"start":{"line":12,"column":19},"end":{"line":16,"column":6}},"5":{"start":{"line":17,"column":4},"end":{"line":17,"column":16}},"6":{"start":{"line":18,"column":4},"end":{"line":18,"column":33}},"7":{"start":{"line":20,"column":2},"end":{"line":20,"column":9}},"8":{"start":{"line":5,"column":13},"end":{"line":5,"column":33}}},"fnMap":{"0":{"name":"(anonymous_0)","decl":{"start":{"line":5,"column":33},"end":{"line":5,"column":null}},"loc":{"start":{"line":9,"column":4},"end":{"line":21,"column":1}}},"1":{"name":"(anonymous_1)","decl":{"start":{"line":11,"column":19},"end":{"line":11,"column":22}},"loc":{"start":{"line":11,"column":24},"end":{"line":19,"column":3}}}},"branchMap":{"0":{"loc":{"start":{"line":14,"column":13},"end":{"line":14,"column":40}},"type":"binary-expr","locations":[{"start":{"line":14,"column":13},"end":{"line":14,"column":28}},{"start":{"line":14,"column":32},"end":{"line":14,"column":40}}]}},"s":{"0":0,"1":0,"2":0,"3":0,"4":0,"5":0,"6":0,"7":0,"8":0},"f":{"0":0,"1":0},"b":{"0":[0,0]}}
,"/home/jorus/Desktop/microservices/bank/src/resolvers/account-resolver.ts": {"path":"/home/jorus/Desktop/microservices/bank/src/resolvers/account-resolver.ts","statementMap":{"0":{"start":{"line":1,"column":0},"end":{"line":1,"column":33}},"1":{"start":{"line":7,"column":0},"end":{"line":7,"column":45}},"2":{"start":{"line":16,"column":0},"end":{"line":16,"column":65}},"3":{"start":{"line":18,"column":0},"end":{"line":18,"column":48}},"4":{"start":{"line":19,"column":0},"end":{"line":19,"column":31}},"5":{"start":{"line":22,"column":17},"end":{"line":51,"column":1}},"6":{"start":{"line":27,"column":2},"end":{"line":50,"column":3}},"7":{"start":{"line":28,"column":39},"end":{"line":34,"column":null}},"8":{"start":{"line":36,"column":4},"end":{"line":44,"column":5}},"9":{"start":{"line":37,"column":23},"end":{"line":37,"column":60}},"10":{"start":{"line":38,"column":6},"end":{"line":38,"column":63}},"11":{"start":{"line":38,"column":39},"end":{"line":38,"column":61}},"12":{"start":{"line":40,"column":6},"end":{"line":42,"column":8}},"13":{"start":{"line":43,"column":6},"end":{"line":43,"column":24}},"14":{"start":{"line":46,"column":4},"end":{"line":46,"column":49}},"15":{"start":{"line":47,"column":4},"end":{"line":49,"column":6}},"16":{"start":{"line":52,"column":16},"end":{"line":78,"column":1}},"17":{"start":{"line":57,"column":2},"end":{"line":77,"column":3}},"18":{"start":{"line":58,"column":28},"end":{"line":64,"column":null}},"19":{"start":{"line":66,"column":4},"end":{"line":71,"column":5}},"20":{"start":{"line":67,"column":6},"end":{"line":69,"column":8}},"21":{"start":{"line":70,"column":6},"end":{"line":70,"column":24}},"22":{"start":{"line":72,"column":20},"end":{"line":72,"column":40}},"23":{"start":{"line":73,"column":4},"end":{"line":73,"column":53}},"24":{"start":{"line":75,"column":4},"end":{"line":75,"column":70}},"25":{"start":{"line":76,"column":4},"end":{"line":76,"column":64}},"26":{"start":{"line":79,"column":16},"end":{"line":107,"column":1}},"27":{"start":{"line":84,"column":2},"end":{"line":106,"column":3}},"28":{"start":{"line":85,"column":28},"end":{"line":91,"column":null}},"29":{"start":{"line":93,"column":4},"end":{"line":98,"column":5}},"30":{"start":{"line":94,"column":6},"end":{"line":96,"column":8}},"31":{"start":{"line":97,"column":6},"end":{"line":97,"column":24}},"32":{"start":{"line":99,"column":20},"end":{"line":99,"column":40}},"33":{"start":{"line":100,"column":4},"end":{"line":100,"column":53}},"34":{"start":{"line":102,"column":4},"end":{"line":102,"column":75}},"35":{"start":{"line":103,"column":4},"end":{"line":105,"column":6}},"36":{"start":{"line":108,"column":25},"end":{"line":138,"column":1}},"37":{"start":{"line":113,"column":2},"end":{"line":116,"column":3}},"38":{"start":{"line":114,"column":4},"end":{"line":114,"column":62}},"39":{"start":{"line":115,"column":4},"end":{"line":115,"column":65}},"40":{"start":{"line":117,"column":2},"end":{"line":137,"column":3}},"41":{"start":{"line":118,"column":29},"end":{"line":124,"column":null}},"42":{"start":{"line":126,"column":4},"end":{"line":131,"column":5}},"43":{"start":{"line":127,"column":6},"end":{"line":129,"column":8}},"44":{"start":{"line":130,"column":6},"end":{"line":130,"column":24}},"45":{"start":{"line":132,"column":21},"end":{"line":132,"column":63}},"46":{"start":{"line":133,"column":4},"end":{"line":133,"column":61}},"47":{"start":{"line":133,"column":37},"end":{"line":133,"column":59}},"48":{"start":{"line":135,"column":4},"end":{"line":135,"column":68}},"49":{"start":{"line":136,"column":4},"end":{"line":136,"column":75}},"50":{"start":{"line":142,"column":22},"end":{"line":187,"column":1}},"51":{"start":{"line":149,"column":2},"end":{"line":152,"column":3}},"52":{"start":{"line":150,"column":4},"end":{"line":150,"column":76}},"53":{"start":{"line":151,"column":4},"end":{"line":151,"column":79}},"54":{"start":{"line":153,"column":2},"end":{"line":153,"column":42}},"55":{"start":{"line":154,"column":2},"end":{"line":186,"column":3}},"56":{"start":{"line":155,"column":28},"end":{"line":171,"column":null}},"57":{"start":{"line":173,"column":4},"end":{"line":178,"column":5}},"58":{"start":{"line":174,"column":6},"end":{"line":176,"column":8}},"59":{"start":{"line":177,"column":6},"end":{"line":177,"column":24}},"60":{"start":{"line":179,"column":23},"end":{"line":179,"column":62}},"61":{"start":{"line":180,"column":4},"end":{"line":180,"column":37}},"62":{"start":{"line":182,"column":4},"end":{"line":182,"column":48}},"63":{"start":{"line":183,"column":4},"end":{"line":185,"column":6}},"64":{"start":{"line":190,"column":13},"end":{"line":190,"column":68}},"65":{"start":{"line":191,"column":13},"end":{"line":191,"column":35}},"66":{"start":{"line":192,"column":13},"end":{"line":192,"column":49}}},"fnMap":{"0":{"name":"(anonymous_1)","decl":{"start":{"line":22,"column":17},"end":{"line":22,"column":22}},"loc":{"start":{"line":26,"column":32},"end":{"line":51,"column":1}}},"1":{"name":"(anonymous_2)","decl":{"start":{"line":38,"column":26},"end":{"line":38,"column":27}},"loc":{"start":{"line":38,"column":39},"end":{"line":38,"column":61}}},"2":{"name":"(anonymous_3)","decl":{"start":{"line":52,"column":16},"end":{"line":52,"column":21}},"loc":{"start":{"line":56,"column":42},"end":{"line":78,"column":1}}},"3":{"name":"(anonymous_4)","decl":{"start":{"line":79,"column":16},"end":{"line":79,"column":21}},"loc":{"start":{"line":83,"column":22},"end":{"line":107,"column":1}}},"4":{"name":"(anonymous_5)","decl":{"start":{"line":108,"column":25},"end":{"line":108,"column":30}},"loc":{"start":{"line":112,"column":32},"end":{"line":138,"column":1}}},"5":{"name":"(anonymous_6)","decl":{"start":{"line":133,"column":24},"end":{"line":133,"column":25}},"loc":{"start":{"line":133,"column":37},"end":{"line":133,"column":59}}},"6":{"name":"(anonymous_7)","decl":{"start":{"line":142,"column":22},"end":{"line":142,"column":27}},"loc":{"start":{"line":148,"column":4},"end":{"line":187,"column":1}}}},"branchMap":{"0":{"loc":{"start":{"line":36,"column":4},"end":{"line":44,"column":5}},"type":"if","locations":[{"start":{"line":36,"column":4},"end":{"line":44,"column":5}},{"start":{"line":39,"column":11},"end":{"line":44,"column":5}}]},"1":{"loc":{"start":{"line":48,"column":6},"end":{"line":48,"column":79}},"type":"binary-expr","locations":[{"start":{"line":48,"column":6},"end":{"line":48,"column":65}},{"start":{"line":48,"column":69},"end":{"line":48,"column":79}}]},"2":{"loc":{"start":{"line":66,"column":4},"end":{"line":71,"column":5}},"type":"if","locations":[{"start":{"line":66,"column":4},"end":{"line":71,"column":5}}]},"3":{"loc":{"start":{"line":66,"column":8},"end":{"line":66,"column":71}},"type":"binary-expr","locations":[{"start":{"line":66,"column":8},"end":{"line":66,"column":38}},{"start":{"line":66,"column":42},"end":{"line":66,"column":71}}]},"4":{"loc":{"start":{"line":93,"column":4},"end":{"line":98,"column":5}},"type":"if","locations":[{"start":{"line":93,"column":4},"end":{"line":98,"column":5}}]},"5":{"loc":{"start":{"line":93,"column":8},"end":{"line":93,"column":71}},"type":"binary-expr","locations":[{"start":{"line":93,"column":8},"end":{"line":93,"column":38}},{"start":{"line":93,"column":42},"end":{"line":93,"column":71}}]},"6":{"loc":{"start":{"line":104,"column":6},"end":{"line":104,"column":78}},"type":"binary-expr","locations":[{"start":{"line":104,"column":6},"end":{"line":104,"column":64}},{"start":{"line":104,"column":68},"end":{"line":104,"column":78}}]},"7":{"loc":{"start":{"line":113,"column":2},"end":{"line":116,"column":3}},"type":"if","locations":[{"start":{"line":113,"column":2},"end":{"line":116,"column":3}}]},"8":{"loc":{"start":{"line":126,"column":4},"end":{"line":131,"column":5}},"type":"if","locations":[{"start":{"line":126,"column":4},"end":{"line":131,"column":5}}]},"9":{"loc":{"start":{"line":126,"column":8},"end":{"line":126,"column":73}},"type":"binary-expr","locations":[{"start":{"line":126,"column":8},"end":{"line":126,"column":39}},{"start":{"line":126,"column":43},"end":{"line":126,"column":73}}]},"10":{"loc":{"start":{"line":149,"column":2},"end":{"line":152,"column":3}},"type":"if","locations":[{"start":{"line":149,"column":2},"end":{"line":152,"column":3}}]},"11":{"loc":{"start":{"line":149,"column":6},"end":{"line":149,"column":48}},"type":"binary-expr","locations":[{"start":{"line":149,"column":6},"end":{"line":149,"column":12}},{"start":{"line":149,"column":16},"end":{"line":149,"column":48}}]},"12":{"loc":{"start":{"line":153,"column":11},"end":{"line":153,"column":41}},"type":"binary-expr","locations":[{"start":{"line":153,"column":11},"end":{"line":153,"column":17}},{"start":{"line":153,"column":21},"end":{"line":153,"column":41}}]},"13":{"loc":{"start":{"line":164,"column":17},"end":{"line":164,"column":29}},"type":"binary-expr","locations":[{"start":{"line":164,"column":17},"end":{"line":164,"column":24}},{"start":{"line":164,"column":28},"end":{"line":164,"column":29}}]},"14":{"loc":{"start":{"line":165,"column":25},"end":{"line":165,"column":46}},"type":"binary-expr","locations":[{"start":{"line":165,"column":25},"end":{"line":165,"column":40}},{"start":{"line":165,"column":44},"end":{"line":165,"column":46}}]},"15":{"loc":{"start":{"line":173,"column":4},"end":{"line":178,"column":5}},"type":"if","locations":[{"start":{"line":173,"column":4},"end":{"line":178,"column":5}}]},"16":{"loc":{"start":{"line":184,"column":6},"end":{"line":184,"column":79}},"type":"binary-expr","locations":[{"start":{"line":184,"column":6},"end":{"line":184,"column":65}},{"start":{"line":184,"column":69},"end":{"line":184,"column":79}}]}},"s":{"0":0,"1":0,"2":0,"3":0,"4":0,"5":0,"6":0,"7":0,"8":0,"9":0,"10":0,"11":0,"12":0,"13":0,"14":0,"15":0,"16":0,"17":0,"18":0,"19":0,"20":0,"21":0,"22":0,"23":0,"24":0,"25":0,"26":0,"27":0,"28":0,"29":0,"30":0,"31":0,"32":0,"33":0,"34":0,"35":0,"36":0,"37":0,"38":0,"39":0,"40":0,"41":0,"42":0,"43":0,"44":0,"45":0,"46":0,"47":0,"48":0,"49":0,"50":0,"51":0,"52":0,"53":0,"54":0,"55":0,"56":0,"57":0,"58":0,"59":0,"60":0,"61":0,"62":0,"63":0,"64":0,"65":0,"66":0},"f":{"0":0,"1":0,"2":0,"3":0,"4":0,"5":0,"6":0},"b":{"0":[0,0],"1":[0,0],"2":[0],"3":[0,0],"4":[0],"5":[0,0],"6":[0,0],"7":[0],"8":[0],"9":[0,0],"10":[0],"11":[0,0],"12":[0,0],"13":[0,0],"14":[0,0],"15":[0],"16":[0,0]}}
,"/home/jorus/Desktop/microservices/bank/src/resolvers/profile-resolver.ts": {"path":"/home/jorus/Desktop/microservices/bank/src/resolvers/profile-resolver.ts","statementMap":{"0":{"start":{"line":1,"column":0},"end":{"line":1,"column":26}},"1":{"start":{"line":13,"column":0},"end":{"line":13,"column":33}},"2":{"start":{"line":14,"column":0},"end":{"line":14,"column":65}},"3":{"start":{"line":16,"column":0},"end":{"line":16,"column":48}},"4":{"start":{"line":17,"column":0},"end":{"line":17,"column":31}},"5":{"start":{"line":20,"column":17},"end":{"line":50,"column":1}},"6":{"start":{"line":25,"column":2},"end":{"line":28,"column":3}},"7":{"start":{"line":26,"column":4},"end":{"line":26,"column":53}},"8":{"start":{"line":27,"column":4},"end":{"line":27,"column":56}},"9":{"start":{"line":29,"column":2},"end":{"line":49,"column":3}},"10":{"start":{"line":30,"column":39},"end":{"line":36,"column":null}},"11":{"start":{"line":38,"column":4},"end":{"line":43,"column":5}},"12":{"start":{"line":39,"column":23},"end":{"line":39,"column":60}},"13":{"start":{"line":40,"column":6},"end":{"line":40,"column":63}},"14":{"start":{"line":40,"column":39},"end":{"line":40,"column":61}},"15":{"start":{"line":42,"column":6},"end":{"line":42,"column":24}},"16":{"start":{"line":45,"column":4},"end":{"line":45,"column":49}},"17":{"start":{"line":46,"column":4},"end":{"line":48,"column":6}},"18":{"start":{"line":51,"column":16},"end":{"line":87,"column":1}},"19":{"start":{"line":56,"column":2},"end":{"line":56,"column":53}},"20":{"start":{"line":57,"column":2},"end":{"line":63,"column":3}},"21":{"start":{"line":61,"column":4},"end":{"line":61,"column":52}},"22":{"start":{"line":62,"column":4},"end":{"line":62,"column":55}},"23":{"start":{"line":64,"column":2},"end":{"line":86,"column":3}},"24":{"start":{"line":65,"column":28},"end":{"line":71,"column":null}},"25":{"start":{"line":73,"column":4},"end":{"line":78,"column":5}},"26":{"start":{"line":74,"column":6},"end":{"line":76,"column":8}},"27":{"start":{"line":77,"column":6},"end":{"line":77,"column":24}},"28":{"start":{"line":79,"column":20},"end":{"line":79,"column":40}},"29":{"start":{"line":80,"column":4},"end":{"line":80,"column":53}},"30":{"start":{"line":82,"column":4},"end":{"line":82,"column":72}},"31":{"start":{"line":83,"column":4},"end":{"line":85,"column":6}},"32":{"start":{"line":88,"column":17},"end":{"line":117,"column":1}},"33":{"start":{"line":93,"column":2},"end":{"line":116,"column":3}},"34":{"start":{"line":94,"column":39},"end":{"line":100,"column":null}},"35":{"start":{"line":102,"column":4},"end":{"line":110,"column":5}},"36":{"start":{"line":103,"column":23},"end":{"line":103,"column":60}},"37":{"start":{"line":104,"column":6},"end":{"line":104,"column":63}},"38":{"start":{"line":104,"column":39},"end":{"line":104,"column":61}},"39":{"start":{"line":106,"column":6},"end":{"line":108,"column":8}},"40":{"start":{"line":109,"column":6},"end":{"line":109,"column":24}},"41":{"start":{"line":112,"column":4},"end":{"line":112,"column":76}},"42":{"start":{"line":113,"column":4},"end":{"line":115,"column":6}},"43":{"start":{"line":120,"column":13},"end":{"line":120,"column":50}},"44":{"start":{"line":121,"column":13},"end":{"line":121,"column":36}}},"fnMap":{"0":{"name":"(anonymous_1)","decl":{"start":{"line":20,"column":17},"end":{"line":20,"column":22}},"loc":{"start":{"line":24,"column":32},"end":{"line":50,"column":1}}},"1":{"name":"(anonymous_2)","decl":{"start":{"line":40,"column":26},"end":{"line":40,"column":27}},"loc":{"start":{"line":40,"column":39},"end":{"line":40,"column":61}}},"2":{"name":"(anonymous_3)","decl":{"start":{"line":51,"column":16},"end":{"line":51,"column":21}},"loc":{"start":{"line":55,"column":4},"end":{"line":87,"column":1}}},"3":{"name":"(anonymous_4)","decl":{"start":{"line":88,"column":17},"end":{"line":88,"column":22}},"loc":{"start":{"line":92,"column":32},"end":{"line":117,"column":1}}},"4":{"name":"(anonymous_5)","decl":{"start":{"line":104,"column":26},"end":{"line":104,"column":27}},"loc":{"start":{"line":104,"column":39},"end":{"line":104,"column":61}}}},"branchMap":{"0":{"loc":{"start":{"line":25,"column":2},"end":{"line":28,"column":3}},"type":"if","locations":[{"start":{"line":25,"column":2},"end":{"line":28,"column":3}}]},"1":{"loc":{"start":{"line":38,"column":4},"end":{"line":43,"column":5}},"type":"if","locations":[{"start":{"line":38,"column":4},"end":{"line":43,"column":5}},{"start":{"line":41,"column":11},"end":{"line":43,"column":5}}]},"2":{"loc":{"start":{"line":47,"column":6},"end":{"line":47,"column":79}},"type":"binary-expr","locations":[{"start":{"line":47,"column":6},"end":{"line":47,"column":65}},{"start":{"line":47,"column":69},"end":{"line":47,"column":79}}]},"3":{"loc":{"start":{"line":56,"column":16},"end":{"line":56,"column":52}},"type":"binary-expr","locations":[{"start":{"line":56,"column":16},"end":{"line":56,"column":27}},{"start":{"line":56,"column":31},"end":{"line":56,"column":52}}]},"4":{"loc":{"start":{"line":57,"column":2},"end":{"line":63,"column":3}},"type":"if","locations":[{"start":{"line":57,"column":2},"end":{"line":63,"column":3}}]},"5":{"loc":{"start":{"line":58,"column":4},"end":{"line":59,"column":41}},"type":"binary-expr","locations":[{"start":{"line":58,"column":4},"end":{"line":58,"column":36}},{"start":{"line":59,"column":4},"end":{"line":59,"column":41}}]},"6":{"loc":{"start":{"line":73,"column":4},"end":{"line":78,"column":5}},"type":"if","locations":[{"start":{"line":73,"column":4},"end":{"line":78,"column":5}}]},"7":{"loc":{"start":{"line":73,"column":8},"end":{"line":73,"column":71}},"type":"binary-expr","locations":[{"start":{"line":73,"column":8},"end":{"line":73,"column":38}},{"start":{"line":73,"column":42},"end":{"line":73,"column":71}}]},"8":{"loc":{"start":{"line":84,"column":6},"end":{"line":84,"column":78}},"type":"binary-expr","locations":[{"start":{"line":84,"column":6},"end":{"line":84,"column":64}},{"start":{"line":84,"column":68},"end":{"line":84,"column":78}}]},"9":{"loc":{"start":{"line":102,"column":4},"end":{"line":110,"column":5}},"type":"if","locations":[{"start":{"line":102,"column":4},"end":{"line":110,"column":5}},{"start":{"line":105,"column":11},"end":{"line":110,"column":5}}]},"10":{"loc":{"start":{"line":114,"column":6},"end":{"line":114,"column":79}},"type":"binary-expr","locations":[{"start":{"line":114,"column":6},"end":{"line":114,"column":65}},{"start":{"line":114,"column":69},"end":{"line":114,"column":79}}]}},"s":{"0":0,"1":0,"2":0,"3":0,"4":0,"5":0,"6":0,"7":0,"8":0,"9":0,"10":0,"11":0,"12":0,"13":0,"14":0,"15":0,"16":0,"17":0,"18":0,"19":0,"20":0,"21":0,"22":0,"23":0,"24":0,"25":0,"26":0,"27":0,"28":0,"29":0,"30":0,"31":0,"32":0,"33":0,"34":0,"35":0,"36":0,"37":0,"38":0,"39":0,"40":0,"41":0,"42":0,"43":0,"44":0},"f":{"0":0,"1":0,"2":0,"3":0,"4":0},"b":{"0":[0],"1":[0,0],"2":[0,0],"3":[0,0],"4":[0],"5":[0,0],"6":[0],"7":[0,0],"8":[0,0],"9":[0,0],"10":[0,0]}}
,"/home/jorus/Desktop/microservices/bank/src/resolvers/resolvers.ts": {"path":"/home/jorus/Desktop/microservices/bank/src/resolvers/resolvers.ts","statementMap":{"0":{"start":{"line":1,"column":0},"end":{"line":1,"column":59}},"1":{"start":{"line":2,"column":0},"end":{"line":2,"column":76}},"2":{"start":{"line":4,"column":0},"end":{"line":9,"column":2}}},"fnMap":{},"branchMap":{},"s":{"0":0,"1":0,"2":0},"f":{},"b":{}}
,"/home/jorus/Desktop/microservices/bank/src/router/health.ts": {"path":"/home/jorus/Desktop/microservices/bank/src/router/health.ts","statementMap":{"0":{"start":{"line":1,"column":0},"end":{"line":1,"column":30}},"1":{"start":{"line":2,"column":0},"end":{"line":2,"column":31}},"2":{"start":{"line":4,"column":21},"end":{"line":4,"column":37}},"3":{"start":{"line":6,"column":0},"end":{"line":9,"column":3}},"4":{"start":{"line":7,"column":2},"end":{"line":7,"column":46}},"5":{"start":{"line":8,"column":2},"end":{"line":8,"column":29}},"6":{"start":{"line":11,"column":0},"end":{"line":14,"column":3}},"7":{"start":{"line":12,"column":2},"end":{"line":12,"column":45}},"8":{"start":{"line":13,"column":2},"end":{"line":13,"column":32}},"9":{"start":{"line":16,"column":0},"end":{"line":16,"column":28}}},"fnMap":{"0":{"name":"(anonymous_1)","decl":{"start":{"line":6,"column":28},"end":{"line":6,"column":29}},"loc":{"start":{"line":6,"column":41},"end":{"line":9,"column":1}}},"1":{"name":"(anonymous_2)","decl":{"start":{"line":11,"column":27},"end":{"line":11,"column":28}},"loc":{"start":{"line":11,"column":40},"end":{"line":14,"column":1}}}},"branchMap":{},"s":{"0":0,"1":0,"2":0,"3":0,"4":0,"5":0,"6":0,"7":0,"8":0,"9":0},"f":{"0":0,"1":0},"b":{}}
,"/home/jorus/Desktop/microservices/bank/src/schemas/schema.ts": {"path":"/home/jorus/Desktop/microservices/bank/src/schemas/schema.ts","statementMap":{"0":{"start":{"line":1,"column":0},"end":{"line":1,"column":58}},"1":{"start":{"line":2,"column":0},"end":{"line":2,"column":53}},"2":{"start":{"line":4,"column":14},"end":{"line":4,"column":67}},"3":{"start":{"line":6,"column":0},"end":{"line":6,"column":36}}},"fnMap":{},"branchMap":{},"s":{"0":0,"1":0,"2":0,"3":0},"f":{},"b":{}}
,"/home/jorus/Desktop/microservices/bank/src/types/bank-api-types.ts": {"path":"/home/jorus/Desktop/microservices/bank/src/types/bank-api-types.ts","statementMap":{"0":{"start":{"line":6,"column":0},"end":{"line":6,"column":null}},"1":{"start":{"line":7,"column":2},"end":{"line":7,"column":null}},"2":{"start":{"line":8,"column":2},"end":{"line":8,"column":null}}},"fnMap":{"0":{"name":"(anonymous_0)","decl":{"start":{"line":6,"column":0},"end":{"line":6,"column":12}},"loc":{"start":{"line":6,"column":20},"end":{"line":9,"column":1}}}},"branchMap":{"0":{"loc":{"start":{"line":6,"column":12},"end":{"line":6,"column":null}},"type":"binary-expr","locations":[{"start":{"line":6,"column":12},"end":{"line":6,"column":20}},{"start":{"line":6,"column":20},"end":{"line":6,"column":null}}]}},"s":{"0":0,"1":0,"2":0},"f":{"0":0},"b":{"0":[0,0]}}
,"/home/jorus/Desktop/microservices/bank/src/types/downstream-types.ts": {"path":"/home/jorus/Desktop/microservices/bank/src/types/downstream-types.ts","statementMap":{"0":{"start":{"line":2,"column":0},"end":{"line":2,"column":null}},"1":{"start":{"line":3,"column":2},"end":{"line":3,"column":null}},"2":{"start":{"line":4,"column":2},"end":{"line":4,"column":null}},"3":{"start":{"line":43,"column":0},"end":{"line":43,"column":null}},"4":{"start":{"line":44,"column":2},"end":{"line":44,"column":null}},"5":{"start":{"line":45,"column":2},"end":{"line":45,"column":null}}},"fnMap":{"0":{"name":"(anonymous_0)","decl":{"start":{"line":2,"column":0},"end":{"line":2,"column":5}},"loc":{"start":{"line":2,"column":16},"end":{"line":5,"column":1}}},"1":{"name":"(anonymous_1)","decl":{"start":{"line":43,"column":0},"end":{"line":43,"column":12}},"loc":{"start":{"line":43,"column":25},"end":{"line":46,"column":1}}}},"branchMap":{"0":{"loc":{"start":{"line":2,"column":5},"end":{"line":2,"column":null}},"type":"binary-expr","locations":[{"start":{"line":2,"column":5},"end":{"line":2,"column":16}},{"start":{"line":2,"column":5},"end":{"line":2,"column":null}}]},"1":{"loc":{"start":{"line":43,"column":12},"end":{"line":43,"column":null}},"type":"binary-expr","locations":[{"start":{"line":43,"column":12},"end":{"line":43,"column":25}},{"start":{"line":43,"column":25},"end":{"line":43,"column":null}}]}},"s":{"0":0,"1":0,"2":0,"3":0,"4":0,"5":0},"f":{"0":0,"1":0},"b":{"0":[0,0],"1":[0,0]}}
,"/home/jorus/Desktop/microservices/bank/src/utils/user-utils.ts": {"path":"/home/jorus/Desktop/microservices/bank/src/utils/user-utils.ts","statementMap":{"0":{"start":{"line":1,"column":0},"end":{"line":1,"column":51}},"1":{"start":{"line":3,"column":16},"end":{"line":5,"column":1}},"2":{"start":{"line":4,"column":2},"end":{"line":4,"column":38}},"3":{"start":{"line":6,"column":13},"end":{"line":6,"column":37}}},"fnMap":{"0":{"name":"(anonymous_0)","decl":{"start":{"line":3,"column":16},"end":{"line":3,"column":17}},"loc":{"start":{"line":3,"column":39},"end":{"line":5,"column":1}}}},"branchMap":{},"s":{"0":0,"1":0,"2":0,"3":0},"f":{"0":0},"b":{}}
}
