{"/home/jorus/Desktop/microservices/profile/src/metrics.ts": {"path":"/home/jorus/Desktop/microservices/profile/src/metrics.ts","statementMap":{"0":{"start":{"line":1,"column":0},"end":{"line":1,"column":33}},"1":{"start":{"line":3,"column":13},"end":{"line":3,"column":46}},"2":{"start":{"line":5,"column":0},"end":{"line":5,"column":43}},"3":{"start":{"line":7,"column":13},"end":{"line":13,"column":3}},"4":{"start":{"line":15,"column":13},"end":{"line":20,"column":3}}},"fnMap":{},"branchMap":{},"s":{"0":0,"1":0,"2":0,"3":0,"4":0},"f":{},"b":{}}
,"/home/jorus/Desktop/microservices/profile/src/__tests__/factories.ts": {"path":"/home/jorus/Desktop/microservices/profile/src/__tests__/factories.ts","statementMap":{"0":{"start":{"line":1,"column":0},"end":{"line":1,"column":31}},"1":{"start":{"line":3,"column":33},"end":{"line":14,"column":2}},"2":{"start":{"line":3,"column":64},"end":{"line":14,"column":2}},"3":{"start":{"line":3,"column":13},"end":{"line":3,"column":33}},"4":{"start":{"line":16,"column":30},"end":{"line":21,"column":2}},"5":{"start":{"line":16,"column":61},"end":{"line":21,"column":2}},"6":{"start":{"line":16,"column":13},"end":{"line":16,"column":30}},"7":{"start":{"line":23,"column":29},"end":{"line":35,"column":1}},"8":{"start":{"line":27,"column":25},"end":{"line":31,"column":4}},"9":{"start":{"line":32,"column":2},"end":{"line":34,"column":5}},"10":{"start":{"line":23,"column":13},"end":{"line":23,"column":29}}},"fnMap":{"0":{"name":"(anonymous_1)","decl":{"start":{"line":3,"column":33},"end":{"line":3,"column":34}},"loc":{"start":{"line":3,"column":64},"end":{"line":14,"column":2}}},"1":{"name":"(anonymous_2)","decl":{"start":{"line":16,"column":30},"end":{"line":16,"column":31}},"loc":{"start":{"line":16,"column":61},"end":{"line":21,"column":2}}},"2":{"name":"(anonymous_3)","decl":{"start":{"line":23,"column":29},"end":{"line":23,"column":null}},"loc":{"start":{"line":26,"column":4},"end":{"line":35,"column":1}}}},"branchMap":{"0":{"loc":{"start":{"line":25,"column":2},"end":{"line":25,"column":50}},"type":"default-arg","locations":[{"start":{"line":25,"column":11},"end":{"line":25,"column":50}}]},"1":{"loc":{"start":{"line":25,"column":11},"end":{"line":25,"column":50}},"type":"binary-expr","locations":[{"start":{"line":25,"column":11},"end":{"line":25,"column":33}},{"start":{"line":25,"column":37},"end":{"line":25,"column":50}}]}},"s":{"0":1,"1":1,"2":7,"3":1,"4":1,"5":0,"6":1,"7":1,"8":7,"9":7,"10":1},"f":{"0":7,"1":0,"2":7},"b":{"0":[7],"1":[7,0]}}
,"/home/jorus/Desktop/microservices/profile/src/__tests__/mocks.ts": {"path":"/home/jorus/Desktop/microservices/profile/src/__tests__/mocks.ts","statementMap":{"0":{"start":{"line":1,"column":0},"end":{"line":1,"column":41}},"1":{"start":{"line":3,"column":13},"end":{"line":3,"column":63}},"2":{"start":{"line":5,"column":32},"end":{"line":8,"column":1}},"3":{"start":{"line":6,"column":2},"end":{"line":6,"column":23}},"4":{"start":{"line":7,"column":2},"end":{"line":7,"column":20}},"5":{"start":{"line":5,"column":13},"end":{"line":5,"column":32}},"6":{"start":{"line":10,"column":25},"end":{"line":13,"column":1}},"7":{"start":{"line":11,"column":16},"end":{"line":11,"column":32}},"8":{"start":{"line":12,"column":2},"end":{"line":12,"column":44}},"9":{"start":{"line":10,"column":13},"end":{"line":10,"column":25}}},"fnMap":{"0":{"name":"(anonymous_0)","decl":{"start":{"line":5,"column":32},"end":{"line":5,"column":35}},"loc":{"start":{"line":5,"column":37},"end":{"line":8,"column":1}}},"1":{"name":"(anonymous_1)","decl":{"start":{"line":10,"column":25},"end":{"line":10,"column":28}},"loc":{"start":{"line":10,"column":30},"end":{"line":13,"column":1}}}},"branchMap":{},"s":{"0":0,"1":0,"2":0,"3":0,"4":0,"5":0,"6":0,"7":0,"8":0,"9":0},"f":{"0":0,"1":0},"b":{}}
,"/home/jorus/Desktop/microservices/profile/src/__tests__/test-helpers.ts": {"path":"/home/jorus/Desktop/microservices/profile/src/__tests__/test-helpers.ts","statementMap":{"0":{"start":{"line":1,"column":0},"end":{"line":1,"column":43}},"1":{"start":{"line":2,"column":0},"end":{"line":2,"column":32}},"2":{"start":{"line":4,"column":29},"end":{"line":8,"column":1}},"3":{"start":{"line":5,"column":14},"end":{"line":5,"column":23}},"4":{"start":{"line":6,"column":2},"end":{"line":6,"column":26}},"5":{"start":{"line":7,"column":2},"end":{"line":7,"column":13}},"6":{"start":{"line":4,"column":13},"end":{"line":4,"column":29}},"7":{"start":{"line":10,"column":42},"end":{"line":22,"column":1}},"8":{"start":{"line":16,"column":12},"end":{"line":16,"column":38}},"9":{"start":{"line":17,"column":2},"end":{"line":20,"column":3}},"10":{"start":{"line":18,"column":4},"end":{"line":19,"column":39}},"11":{"start":{"line":21,"column":2},"end":{"line":21,"column":13}},"12":{"start":{"line":10,"column":13},"end":{"line":10,"column":42}}},"fnMap":{"0":{"name":"(anonymous_1)","decl":{"start":{"line":4,"column":29},"end":{"line":4,"column":41}},"loc":{"start":{"line":4,"column":43},"end":{"line":8,"column":1}}},"1":{"name":"(anonymous_2)","decl":{"start":{"line":10,"column":42},"end":{"line":10,"column":null}},"loc":{"start":{"line":15,"column":4},"end":{"line":22,"column":1}}}},"branchMap":{"0":{"loc":{"start":{"line":17,"column":2},"end":{"line":20,"column":3}},"type":"if","locations":[{"start":{"line":17,"column":2},"end":{"line":20,"column":3}}]}},"s":{"0":0,"1":0,"2":0,"3":0,"4":0,"5":0,"6":0,"7":0,"8":0,"9":0,"10":0,"11":0,"12":0},"f":{"0":0,"1":0},"b":{"0":[0]}}
,"/home/jorus/Desktop/microservices/profile/src/controllers/index.ts": {"path":"/home/jorus/Desktop/microservices/profile/src/controllers/index.ts","statementMap":{"0":{"start":{"line":2,"column":0},"end":{"line":2,"column":52}},"1":{"start":{"line":3,"column":0},"end":{"line":3,"column":64}},"2":{"start":{"line":5,"column":0},"end":{"line":5,"column":31}},"3":{"start":{"line":6,"column":27},"end":{"line":30,"column":1}},"4":{"start":{"line":10,"column":2},"end":{"line":29,"column":3}},"5":{"start":{"line":11,"column":21},"end":{"line":11,"column":52}},"6":{"start":{"line":12,"column":4},"end":{"line":24,"column":7}},"7":{"start":{"line":15,"column":8},"end":{"line":22,"column":10}},"8":{"start":{"line":26,"column":4},"end":{"line":26,"column":50}},"9":{"start":{"line":27,"column":32},"end":{"line":27,"column":58}},"10":{"start":{"line":28,"column":4},"end":{"line":28,"column":57}},"11":{"start":{"line":6,"column":13},"end":{"line":6,"column":27}},"12":{"start":{"line":35,"column":26},"end":{"line":79,"column":1}},"13":{"start":{"line":39,"column":26},"end":{"line":39,"column":49}},"14":{"start":{"line":40,"column":25},"end":{"line":40,"column":42}},"15":{"start":{"line":41,"column":24},"end":{"line":41,"column":38}},"16":{"start":{"line":42,"column":2},"end":{"line":49,"column":3}},"17":{"start":{"line":43,"column":4},"end":{"line":45,"column":6}},"18":{"start":{"line":46,"column":4},"end":{"line":48,"column":69}},"19":{"start":{"line":50,"column":2},"end":{"line":78,"column":3}},"20":{"start":{"line":51,"column":20},"end":{"line":55,"column":6}},"21":{"start":{"line":56,"column":4},"end":{"line":62,"column":5}},"22":{"start":{"line":57,"column":6},"end":{"line":57,"column":67}},"23":{"start":{"line":58,"column":6},"end":{"line":61,"column":9}},"24":{"start":{"line":63,"column":4},"end":{"line":73,"column":7}},"25":{"start":{"line":75,"column":4},"end":{"line":75,"column":48}},"26":{"start":{"line":76,"column":32},"end":{"line":76,"column":58}},"27":{"start":{"line":77,"column":4},"end":{"line":77,"column":57}},"28":{"start":{"line":35,"column":13},"end":{"line":35,"column":26}}},"fnMap":{"0":{"name":"(anonymous_1)","decl":{"start":{"line":6,"column":27},"end":{"line":6,"column":32}},"loc":{"start":{"line":9,"column":4},"end":{"line":30,"column":1}}},"1":{"name":"(anonymous_2)","decl":{"start":{"line":14,"column":25},"end":{"line":14,"column":26}},"loc":{"start":{"line":14,"column":37},"end":{"line":23,"column":7}}},"2":{"name":"(anonymous_3)","decl":{"start":{"line":35,"column":26},"end":{"line":35,"column":31}},"loc":{"start":{"line":38,"column":4},"end":{"line":79,"column":1}}}},"branchMap":{"0":{"loc":{"start":{"line":42,"column":2},"end":{"line":49,"column":3}},"type":"if","locations":[{"start":{"line":42,"column":2},"end":{"line":49,"column":3}}]},"1":{"loc":{"start":{"line":42,"column":6},"end":{"line":42,"column":76}},"type":"binary-expr","locations":[{"start":{"line":42,"column":6},"end":{"line":42,"column":38}},{"start":{"line":42,"column":42},"end":{"line":42,"column":76}}]},"2":{"loc":{"start":{"line":56,"column":4},"end":{"line":62,"column":5}},"type":"if","locations":[{"start":{"line":56,"column":4},"end":{"line":62,"column":5}}]}},"s":{"0":0,"1":0,"2":0,"3":0,"4":0,"5":0,"6":0,"7":0,"8":0,"9":0,"10":0,"11":0,"12":0,"13":0,"14":0,"15":0,"16":0,"17":0,"18":0,"19":0,"20":0,"21":0,"22":0,"23":0,"24":0,"25":0,"26":0,"27":0,"28":0},"f":{"0":0,"1":0,"2":0},"b":{"0":[0],"1":[0,0],"2":[0]}}
,"/home/jorus/Desktop/microservices/profile/src/middleware/auth.ts": {"path":"/home/jorus/Desktop/microservices/profile/src/middleware/auth.ts","statementMap":{"0":{"start":{"line":1,"column":0},"end":{"line":1,"column":23}},"1":{"start":{"line":3,"column":0},"end":{"line":3,"column":47}},"2":{"start":{"line":4,"column":0},"end":{"line":4,"column":37}},"3":{"start":{"line":5,"column":0},"end":{"line":5,"column":31}},"4":{"start":{"line":11,"column":35},"end":{"line":33,"column":1}},"5":{"start":{"line":16,"column":21},"end":{"line":16,"column":49}},"6":{"start":{"line":17,"column":2},"end":{"line":20,"column":3}},"7":{"start":{"line":18,"column":4},"end":{"line":18,"column":62}},"8":{"start":{"line":19,"column":4},"end":{"line":19,"column":77}},"9":{"start":{"line":21,"column":16},"end":{"line":21,"column":40}},"10":{"start":{"line":22,"column":2},"end":{"line":32,"column":3}},"11":{"start":{"line":23,"column":20},"end":{"line":25,"column":null}},"12":{"start":{"line":27,"column":4},"end":{"line":27,"column":23}},"13":{"start":{"line":28,"column":4},"end":{"line":28,"column":11}},"14":{"start":{"line":30,"column":4},"end":{"line":30,"column":43}},"15":{"start":{"line":31,"column":4},"end":{"line":31,"column":78}},"16":{"start":{"line":11,"column":13},"end":{"line":11,"column":35}},"17":{"start":{"line":35,"column":25},"end":{"line":47,"column":1}},"18":{"start":{"line":40,"column":2},"end":{"line":45,"column":3}},"19":{"start":{"line":41,"column":4},"end":{"line":43,"column":6}},"20":{"start":{"line":44,"column":4},"end":{"line":44,"column":74}},"21":{"start":{"line":46,"column":2},"end":{"line":46,"column":9}},"22":{"start":{"line":35,"column":13},"end":{"line":35,"column":25}}},"fnMap":{"0":{"name":"(anonymous_1)","decl":{"start":{"line":11,"column":35},"end":{"line":11,"column":null}},"loc":{"start":{"line":15,"column":4},"end":{"line":33,"column":1}}},"1":{"name":"(anonymous_2)","decl":{"start":{"line":35,"column":25},"end":{"line":35,"column":null}},"loc":{"start":{"line":39,"column":4},"end":{"line":47,"column":1}}}},"branchMap":{"0":{"loc":{"start":{"line":17,"column":2},"end":{"line":20,"column":3}},"type":"if","locations":[{"start":{"line":17,"column":2},"end":{"line":20,"column":3}}]},"1":{"loc":{"start":{"line":17,"column":6},"end":{"line":17,"column":54}},"type":"binary-expr","locations":[{"start":{"line":17,"column":6},"end":{"line":17,"column":17}},{"start":{"line":17,"column":21},"end":{"line":17,"column":54}}]},"2":{"loc":{"start":{"line":40,"column":2},"end":{"line":45,"column":3}},"type":"if","locations":[{"start":{"line":40,"column":2},"end":{"line":45,"column":3}}]}},"s":{"0":0,"1":0,"2":0,"3":0,"4":0,"5":0,"6":0,"7":0,"8":0,"9":0,"10":0,"11":0,"12":0,"13":0,"14":0,"15":0,"16":0,"17":0,"18":0,"19":0,"20":0,"21":0,"22":0},"f":{"0":0,"1":0},"b":{"0":[0],"1":[0,0],"2":[0]}}
,"/home/jorus/Desktop/microservices/profile/src/middleware/metrics.ts": {"path":"/home/jorus/Desktop/microservices/profile/src/middleware/metrics.ts","statementMap":{"0":{"start":{"line":2,"column":0},"end":{"line":2,"column":67}},"1":{"start":{"line":5,"column":33},"end":{"line":21,"column":1}},"2":{"start":{"line":10,"column":14},"end":{"line":10,"column":46}},"3":{"start":{"line":11,"column":2},"end":{"line":19,"column":5}},"4":{"start":{"line":12,"column":19},"end":{"line":16,"column":6}},"5":{"start":{"line":17,"column":4},"end":{"line":17,"column":16}},"6":{"start":{"line":18,"column":4},"end":{"line":18,"column":33}},"7":{"start":{"line":20,"column":2},"end":{"line":20,"column":9}},"8":{"start":{"line":5,"column":13},"end":{"line":5,"column":33}}},"fnMap":{"0":{"name":"(anonymous_0)","decl":{"start":{"line":5,"column":33},"end":{"line":5,"column":null}},"loc":{"start":{"line":9,"column":4},"end":{"line":21,"column":1}}},"1":{"name":"(anonymous_1)","decl":{"start":{"line":11,"column":19},"end":{"line":11,"column":22}},"loc":{"start":{"line":11,"column":24},"end":{"line":19,"column":3}}}},"branchMap":{"0":{"loc":{"start":{"line":14,"column":13},"end":{"line":14,"column":40}},"type":"binary-expr","locations":[{"start":{"line":14,"column":13},"end":{"line":14,"column":28}},{"start":{"line":14,"column":32},"end":{"line":14,"column":40}}]}},"s":{"0":0,"1":0,"2":0,"3":0,"4":0,"5":0,"6":0,"7":0,"8":0},"f":{"0":0,"1":0},"b":{"0":[0,0]}}
,"/home/jorus/Desktop/microservices/profile/src/models/index.ts": {"path":"/home/jorus/Desktop/microservices/profile/src/models/index.ts","statementMap":{"0":{"start":{"line":14,"column":0},"end":{"line":14,"column":null}},"1":{"start":{"line":15,"column":2},"end":{"line":15,"column":null}},"2":{"start":{"line":16,"column":2},"end":{"line":16,"column":null}}},"fnMap":{"0":{"name":"(anonymous_0)","decl":{"start":{"line":14,"column":0},"end":{"line":14,"column":12}},"loc":{"start":{"line":14,"column":20},"end":{"line":17,"column":1}}}},"branchMap":{"0":{"loc":{"start":{"line":14,"column":12},"end":{"line":14,"column":null}},"type":"binary-expr","locations":[{"start":{"line":14,"column":12},"end":{"line":14,"column":20}},{"start":{"line":14,"column":20},"end":{"line":14,"column":null}}]}},"s":{"0":0,"1":0,"2":0},"f":{"0":0},"b":{"0":[0,0]}}
,"/home/jorus/Desktop/microservices/profile/src/router/health.ts": {"path":"/home/jorus/Desktop/microservices/profile/src/router/health.ts","statementMap":{"0":{"start":{"line":1,"column":0},"end":{"line":1,"column":30}},"1":{"start":{"line":2,"column":0},"end":{"line":2,"column":31}},"2":{"start":{"line":4,"column":21},"end":{"line":4,"column":37}},"3":{"start":{"line":6,"column":0},"end":{"line":9,"column":3}},"4":{"start":{"line":7,"column":2},"end":{"line":7,"column":46}},"5":{"start":{"line":8,"column":2},"end":{"line":8,"column":29}},"6":{"start":{"line":11,"column":0},"end":{"line":14,"column":3}},"7":{"start":{"line":12,"column":2},"end":{"line":12,"column":45}},"8":{"start":{"line":13,"column":2},"end":{"line":13,"column":32}},"9":{"start":{"line":16,"column":0},"end":{"line":16,"column":28}}},"fnMap":{"0":{"name":"(anonymous_1)","decl":{"start":{"line":6,"column":28},"end":{"line":6,"column":29}},"loc":{"start":{"line":6,"column":41},"end":{"line":9,"column":1}}},"1":{"name":"(anonymous_2)","decl":{"start":{"line":11,"column":27},"end":{"line":11,"column":28}},"loc":{"start":{"line":11,"column":40},"end":{"line":14,"column":1}}}},"branchMap":{},"s":{"0":0,"1":0,"2":0,"3":0,"4":0,"5":0,"6":0,"7":0,"8":0,"9":0},"f":{"0":0,"1":0},"b":{}}
,"/home/jorus/Desktop/microservices/profile/src/router/index.ts": {"path":"/home/jorus/Desktop/microservices/profile/src/router/index.ts","statementMap":{"0":{"start":{"line":1,"column":0},"end":{"line":1,"column":30}},"1":{"start":{"line":2,"column":0},"end":{"line":2,"column":57}},"2":{"start":{"line":3,"column":0},"end":{"line":3,"column":68}},"3":{"start":{"line":5,"column":22},"end":{"line":5,"column":38}},"4":{"start":{"line":7,"column":0},"end":{"line":7,"column":74}},"5":{"start":{"line":8,"column":0},"end":{"line":8,"column":65}},"6":{"start":{"line":10,"column":0},"end":{"line":10,"column":29}}},"fnMap":{},"branchMap":{},"s":{"0":0,"1":0,"2":0,"3":0,"4":0,"5":0,"6":0},"f":{},"b":{}}
,"/home/jorus/Desktop/microservices/profile/src/utils/prisma.ts": {"path":"/home/jorus/Desktop/microservices/profile/src/utils/prisma.ts","statementMap":{"0":{"start":{"line":21,"column":0},"end":{"line":21,"column":16}},"1":{"start":{"line":1,"column":0},"end":{"line":1,"column":23}},"2":{"start":{"line":2,"column":0},"end":{"line":2,"column":46}},"3":{"start":{"line":3,"column":0},"end":{"line":3,"column":61}},"4":{"start":{"line":4,"column":0},"end":{"line":4,"column":81}},"5":{"start":{"line":5,"column":0},"end":{"line":5,"column":null}},"6":{"start":{"line":12,"column":0},"end":{"line":14,"column":1}},"7":{"start":{"line":13,"column":2},"end":{"line":13,"column":49}},"8":{"start":{"line":16,"column":16},"end":{"line":18,"column":2}},"9":{"start":{"line":19,"column":13},"end":{"line":19,"column":52}},"10":{"start":{"line":26,"column":2},"end":{"line":59,"column":3}},"11":{"start":{"line":27,"column":4},"end":{"line":58,"column":5}},"12":{"start":{"line":29,"column":8},"end":{"line":32,"column":10}},"13":{"start":{"line":36,"column":8},"end":{"line":39,"column":10}},"14":{"start":{"line":42,"column":8},"end":{"line":45,"column":10}},"15":{"start":{"line":48,"column":8},"end":{"line":51,"column":10}},"16":{"start":{"line":54,"column":8},"end":{"line":57,"column":10}},"17":{"start":{"line":62,"column":2},"end":{"line":67,"column":3}},"18":{"start":{"line":63,"column":4},"end":{"line":66,"column":6}},"19":{"start":{"line":70,"column":2},"end":{"line":75,"column":3}},"20":{"start":{"line":71,"column":4},"end":{"line":74,"column":6}},"21":{"start":{"line":78,"column":2},"end":{"line":83,"column":3}},"22":{"start":{"line":79,"column":4},"end":{"line":82,"column":6}},"23":{"start":{"line":86,"column":2},"end":{"line":91,"column":3}},"24":{"start":{"line":87,"column":4},"end":{"line":90,"column":6}},"25":{"start":{"line":94,"column":2},"end":{"line":97,"column":4}}},"fnMap":{"0":{"name":"getPrismaErrorMessage","decl":{"start":{"line":21,"column":16},"end":{"line":21,"column":37}},"loc":{"start":{"line":21,"column":50},"end":{"line":98,"column":1}}}},"branchMap":{"0":{"loc":{"start":{"line":12,"column":0},"end":{"line":14,"column":1}},"type":"if","locations":[{"start":{"line":12,"column":0},"end":{"line":14,"column":1}}]},"1":{"loc":{"start":{"line":26,"column":2},"end":{"line":59,"column":3}},"type":"if","locations":[{"start":{"line":26,"column":2},"end":{"line":59,"column":3}}]},"2":{"loc":{"start":{"line":27,"column":4},"end":{"line":58,"column":5}},"type":"switch","locations":[{"start":{"line":28,"column":6},"end":{"line":33,"column":7}},{"start":{"line":35,"column":6},"end":{"line":39,"column":10}},{"start":{"line":41,"column":6},"end":{"line":45,"column":10}},{"start":{"line":47,"column":6},"end":{"line":51,"column":10}},{"start":{"line":53,"column":6},"end":{"line":57,"column":10}}]},"3":{"loc":{"start":{"line":62,"column":2},"end":{"line":67,"column":3}},"type":"if","locations":[{"start":{"line":62,"column":2},"end":{"line":67,"column":3}}]},"4":{"loc":{"start":{"line":70,"column":2},"end":{"line":75,"column":3}},"type":"if","locations":[{"start":{"line":70,"column":2},"end":{"line":75,"column":3}}]},"5":{"loc":{"start":{"line":78,"column":2},"end":{"line":83,"column":3}},"type":"if","locations":[{"start":{"line":78,"column":2},"end":{"line":83,"column":3}}]},"6":{"loc":{"start":{"line":86,"column":2},"end":{"line":91,"column":3}},"type":"if","locations":[{"start":{"line":86,"column":2},"end":{"line":91,"column":3}}]}},"s":{"0":0,"1":0,"2":0,"3":0,"4":0,"5":0,"6":0,"7":0,"8":0,"9":0,"10":0,"11":0,"12":0,"13":0,"14":0,"15":0,"16":0,"17":0,"18":0,"19":0,"20":0,"21":0,"22":0,"23":0,"24":0,"25":0},"f":{"0":0},"b":{"0":[0],"1":[0],"2":[0,0,0,0,0],"3":[0],"4":[0],"5":[0],"6":[0]}}
}
