TN:
SF:src/metrics.ts
FNF:0
FNH:0
DA:1,0
DA:3,0
DA:5,0
DA:7,0
DA:15,0
LF:5
LH:0
BRF:0
BRH:0
end_of_record
TN:
SF:src/__tests__/factories.ts
FN:3,(anonymous_1)
FN:16,(anonymous_2)
FN:23,(anonymous_3)
FNF:3
FNH:2
FNDA:7,(anonymous_1)
FNDA:0,(anonymous_2)
FNDA:7,(anonymous_3)
DA:1,1
DA:3,7
DA:16,1
DA:23,1
DA:27,7
DA:32,7
LF:6
LH:6
BRDA:25,0,0,7
BRDA:25,1,0,7
BRDA:25,1,1,0
BRF:3
BRH:2
end_of_record
TN:
SF:src/__tests__/mocks.ts
FN:5,(anonymous_0)
FN:10,(anonymous_1)
FNF:2
FNH:0
FNDA:0,(anonymous_0)
FNDA:0,(anonymous_1)
DA:1,0
DA:3,0
DA:5,0
DA:6,0
DA:7,0
DA:10,0
DA:11,0
DA:12,0
LF:8
LH:0
BRF:0
BRH:0
end_of_record
TN:
SF:src/__tests__/test-helpers.ts
FN:4,(anonymous_1)
FN:10,(anonymous_2)
FNF:2
FNH:0
FNDA:0,(anonymous_1)
FNDA:0,(anonymous_2)
DA:1,0
DA:2,0
DA:4,0
DA:5,0
DA:6,0
DA:7,0
DA:10,0
DA:16,0
DA:17,0
DA:18,0
DA:21,0
LF:11
LH:0
BRDA:17,0,0,0
BRF:1
BRH:0
end_of_record
TN:
SF:src/controllers/index.ts
FN:6,(anonymous_1)
FN:14,(anonymous_2)
FN:35,(anonymous_3)
FNF:3
FNH:0
FNDA:0,(anonymous_1)
FNDA:0,(anonymous_2)
FNDA:0,(anonymous_3)
DA:2,0
DA:3,0
DA:5,0
DA:6,0
DA:10,0
DA:11,0
DA:12,0
DA:15,0
DA:26,0
DA:27,0
DA:28,0
DA:35,0
DA:39,0
DA:40,0
DA:41,0
DA:42,0
DA:43,0
DA:46,0
DA:50,0
DA:51,0
DA:56,0
DA:57,0
DA:58,0
DA:63,0
DA:75,0
DA:76,0
DA:77,0
LF:27
LH:0
BRDA:42,0,0,0
BRDA:42,1,0,0
BRDA:42,1,1,0
BRDA:56,2,0,0
BRF:4
BRH:0
end_of_record
TN:
SF:src/middleware/auth.ts
FN:11,(anonymous_1)
FN:35,(anonymous_2)
FNF:2
FNH:0
FNDA:0,(anonymous_1)
FNDA:0,(anonymous_2)
DA:1,0
DA:3,0
DA:4,0
DA:5,0
DA:11,0
DA:16,0
DA:17,0
DA:18,0
DA:19,0
DA:21,0
DA:22,0
DA:23,0
DA:27,0
DA:28,0
DA:30,0
DA:31,0
DA:35,0
DA:40,0
DA:41,0
DA:44,0
DA:46,0
LF:21
LH:0
BRDA:17,0,0,0
BRDA:17,1,0,0
BRDA:17,1,1,0
BRDA:40,2,0,0
BRF:4
BRH:0
end_of_record
TN:
SF:src/middleware/metrics.ts
FN:5,(anonymous_0)
FN:11,(anonymous_1)
FNF:2
FNH:0
FNDA:0,(anonymous_0)
FNDA:0,(anonymous_1)
DA:2,0
DA:5,0
DA:10,0
DA:11,0
DA:12,0
DA:17,0
DA:18,0
DA:20,0
LF:8
LH:0
BRDA:14,0,0,0
BRDA:14,0,1,0
BRF:2
BRH:0
end_of_record
TN:
SF:src/models/index.ts
FN:14,(anonymous_0)
FNF:1
FNH:0
FNDA:0,(anonymous_0)
DA:14,0
DA:15,0
DA:16,0
LF:3
LH:0
BRDA:14,0,0,0
BRDA:14,0,1,0
BRF:2
BRH:0
end_of_record
TN:
SF:src/router/health.ts
FN:6,(anonymous_1)
FN:11,(anonymous_2)
FNF:2
FNH:0
FNDA:0,(anonymous_1)
FNDA:0,(anonymous_2)
DA:1,0
DA:2,0
DA:4,0
DA:6,0
DA:7,0
DA:8,0
DA:11,0
DA:12,0
DA:13,0
DA:16,0
LF:10
LH:0
BRF:0
BRH:0
end_of_record
TN:
SF:src/router/index.ts
FNF:0
FNH:0
DA:1,0
DA:2,0
DA:3,0
DA:5,0
DA:7,0
DA:8,0
DA:10,0
LF:7
LH:0
BRF:0
BRH:0
end_of_record
TN:
SF:src/utils/prisma.ts
FN:21,getPrismaErrorMessage
FNF:1
FNH:0
FNDA:0,getPrismaErrorMessage
DA:1,0
DA:2,0
DA:3,0
DA:4,0
DA:5,0
DA:12,0
DA:13,0
DA:16,0
DA:19,0
DA:21,0
DA:26,0
DA:27,0
DA:29,0
DA:36,0
DA:42,0
DA:48,0
DA:54,0
DA:62,0
DA:63,0
DA:70,0
DA:71,0
DA:78,0
DA:79,0
DA:86,0
DA:87,0
DA:94,0
LF:26
LH:0
BRDA:12,0,0,0
BRDA:26,1,0,0
BRDA:27,2,0,0
BRDA:27,2,1,0
BRDA:27,2,2,0
BRDA:27,2,3,0
BRDA:27,2,4,0
BRDA:62,3,0,0
BRDA:70,4,0,0
BRDA:78,5,0,0
BRDA:86,6,0,0
BRF:11
BRH:0
end_of_record
