{"/home/jorus/Desktop/microservices/auth/src/metrics.ts": {"path":"/home/jorus/Desktop/microservices/auth/src/metrics.ts","statementMap":{"0":{"start":{"line":1,"column":0},"end":{"line":1,"column":33}},"1":{"start":{"line":3,"column":13},"end":{"line":3,"column":46}},"2":{"start":{"line":5,"column":0},"end":{"line":5,"column":43}},"3":{"start":{"line":7,"column":13},"end":{"line":13,"column":3}},"4":{"start":{"line":15,"column":13},"end":{"line":20,"column":3}}},"fnMap":{},"branchMap":{},"s":{"0":0,"1":0,"2":0,"3":0,"4":0},"f":{},"b":{}}
,"/home/jorus/Desktop/microservices/auth/src/__tests__/factories.ts": {"path":"/home/jorus/Desktop/microservices/auth/src/__tests__/factories.ts","statementMap":{"0":{"start":{"line":1,"column":0},"end":{"line":1,"column":31}},"1":{"start":{"line":2,"column":0},"end":{"line":2,"column":37}},"2":{"start":{"line":4,"column":30},"end":{"line":12,"column":2}},"3":{"start":{"line":4,"column":61},"end":{"line":12,"column":2}},"4":{"start":{"line":4,"column":13},"end":{"line":4,"column":30}},"5":{"start":{"line":14,"column":33},"end":{"line":25,"column":2}},"6":{"start":{"line":14,"column":64},"end":{"line":25,"column":2}},"7":{"start":{"line":14,"column":13},"end":{"line":14,"column":33}},"8":{"start":{"line":27,"column":29},"end":{"line":39,"column":1}},"9":{"start":{"line":31,"column":25},"end":{"line":35,"column":4}},"10":{"start":{"line":36,"column":2},"end":{"line":38,"column":5}},"11":{"start":{"line":27,"column":13},"end":{"line":27,"column":29}},"12":{"start":{"line":41,"column":39},"end":{"line":50,"column":2}},"13":{"start":{"line":41,"column":70},"end":{"line":50,"column":2}},"14":{"start":{"line":41,"column":13},"end":{"line":41,"column":39}},"15":{"start":{"line":52,"column":36},"end":{"line":56,"column":2}},"16":{"start":{"line":52,"column":67},"end":{"line":56,"column":2}},"17":{"start":{"line":52,"column":13},"end":{"line":52,"column":36}}},"fnMap":{"0":{"name":"(anonymous_1)","decl":{"start":{"line":4,"column":30},"end":{"line":4,"column":31}},"loc":{"start":{"line":4,"column":61},"end":{"line":12,"column":2}}},"1":{"name":"(anonymous_2)","decl":{"start":{"line":14,"column":33},"end":{"line":14,"column":34}},"loc":{"start":{"line":14,"column":64},"end":{"line":25,"column":2}}},"2":{"name":"(anonymous_3)","decl":{"start":{"line":27,"column":29},"end":{"line":27,"column":null}},"loc":{"start":{"line":30,"column":4},"end":{"line":39,"column":1}}},"3":{"name":"(anonymous_4)","decl":{"start":{"line":41,"column":39},"end":{"line":41,"column":40}},"loc":{"start":{"line":41,"column":70},"end":{"line":50,"column":2}}},"4":{"name":"(anonymous_5)","decl":{"start":{"line":52,"column":36},"end":{"line":52,"column":37}},"loc":{"start":{"line":52,"column":67},"end":{"line":56,"column":2}}}},"branchMap":{"0":{"loc":{"start":{"line":29,"column":2},"end":{"line":29,"column":50}},"type":"default-arg","locations":[{"start":{"line":29,"column":11},"end":{"line":29,"column":50}}]},"1":{"loc":{"start":{"line":29,"column":11},"end":{"line":29,"column":50}},"type":"binary-expr","locations":[{"start":{"line":29,"column":11},"end":{"line":29,"column":33}},{"start":{"line":29,"column":37},"end":{"line":29,"column":50}}]}},"s":{"0":2,"1":2,"2":2,"3":0,"4":2,"5":2,"6":0,"7":2,"8":2,"9":2,"10":2,"11":2,"12":2,"13":18,"14":2,"15":2,"16":4,"17":2},"f":{"0":0,"1":0,"2":2,"3":18,"4":4},"b":{"0":[2],"1":[2,0]}}
,"/home/jorus/Desktop/microservices/auth/src/__tests__/test-helpers.ts": {"path":"/home/jorus/Desktop/microservices/auth/src/__tests__/test-helpers.ts","statementMap":{"0":{"start":{"line":1,"column":0},"end":{"line":1,"column":43}},"1":{"start":{"line":2,"column":0},"end":{"line":2,"column":32}},"2":{"start":{"line":4,"column":29},"end":{"line":8,"column":1}},"3":{"start":{"line":5,"column":14},"end":{"line":5,"column":23}},"4":{"start":{"line":6,"column":2},"end":{"line":6,"column":26}},"5":{"start":{"line":7,"column":2},"end":{"line":7,"column":13}},"6":{"start":{"line":4,"column":13},"end":{"line":4,"column":29}},"7":{"start":{"line":10,"column":42},"end":{"line":21,"column":1}},"8":{"start":{"line":16,"column":12},"end":{"line":16,"column":38}},"9":{"start":{"line":17,"column":2},"end":{"line":19,"column":3}},"10":{"start":{"line":18,"column":4},"end":{"line":18,"column":54}},"11":{"start":{"line":20,"column":2},"end":{"line":20,"column":13}},"12":{"start":{"line":10,"column":13},"end":{"line":10,"column":42}},"13":{"start":{"line":23,"column":26},"end":{"line":35,"column":1}},"14":{"start":{"line":24,"column":2},"end":{"line":26,"column":3}},"15":{"start":{"line":25,"column":4},"end":{"line":25,"column":36}},"16":{"start":{"line":27,"column":20},"end":{"line":27,"column":50}},"17":{"start":{"line":28,"column":2},"end":{"line":33,"column":3}},"18":{"start":{"line":29,"column":24},"end":{"line":29,"column":69}},"19":{"start":{"line":29,"column":46},"end":{"line":29,"column":68}},"20":{"start":{"line":30,"column":4},"end":{"line":32,"column":5}},"21":{"start":{"line":31,"column":6},"end":{"line":31,"column":61}},"22":{"start":{"line":34,"column":2},"end":{"line":34,"column":14}},"23":{"start":{"line":23,"column":13},"end":{"line":23,"column":26}}},"fnMap":{"0":{"name":"(anonymous_1)","decl":{"start":{"line":4,"column":29},"end":{"line":4,"column":41}},"loc":{"start":{"line":4,"column":43},"end":{"line":8,"column":1}}},"1":{"name":"(anonymous_2)","decl":{"start":{"line":10,"column":42},"end":{"line":10,"column":null}},"loc":{"start":{"line":15,"column":4},"end":{"line":21,"column":1}}},"2":{"name":"(anonymous_3)","decl":{"start":{"line":23,"column":26},"end":{"line":23,"column":27}},"loc":{"start":{"line":23,"column":59},"end":{"line":35,"column":1}}},"3":{"name":"(anonymous_4)","decl":{"start":{"line":29,"column":39},"end":{"line":29,"column":40}},"loc":{"start":{"line":29,"column":46},"end":{"line":29,"column":68}}}},"branchMap":{"0":{"loc":{"start":{"line":17,"column":2},"end":{"line":19,"column":3}},"type":"if","locations":[{"start":{"line":17,"column":2},"end":{"line":19,"column":3}}]},"1":{"loc":{"start":{"line":24,"column":2},"end":{"line":26,"column":3}},"type":"if","locations":[{"start":{"line":24,"column":2},"end":{"line":26,"column":3}}]},"2":{"loc":{"start":{"line":28,"column":2},"end":{"line":33,"column":3}},"type":"if","locations":[{"start":{"line":28,"column":2},"end":{"line":33,"column":3}}]},"3":{"loc":{"start":{"line":28,"column":6},"end":{"line":28,"column":43}},"type":"binary-expr","locations":[{"start":{"line":28,"column":6},"end":{"line":28,"column":15}},{"start":{"line":28,"column":19},"end":{"line":28,"column":43}}]},"4":{"loc":{"start":{"line":30,"column":4},"end":{"line":32,"column":5}},"type":"if","locations":[{"start":{"line":30,"column":4},"end":{"line":32,"column":5}}]}},"s":{"0":0,"1":0,"2":0,"3":0,"4":0,"5":0,"6":0,"7":0,"8":0,"9":0,"10":0,"11":0,"12":0,"13":0,"14":0,"15":0,"16":0,"17":0,"18":0,"19":0,"20":0,"21":0,"22":0,"23":0},"f":{"0":0,"1":0,"2":0,"3":0},"b":{"0":[0],"1":[0],"2":[0],"3":[0,0],"4":[0]}}
,"/home/jorus/Desktop/microservices/auth/src/controllers/index.ts": {"path":"/home/jorus/Desktop/microservices/auth/src/controllers/index.ts","statementMap":{"0":{"start":{"line":9,"column":0},"end":{"line":9,"column":null}},"1":{"start":{"line":13,"column":0},"end":{"line":13,"column":64}},"2":{"start":{"line":14,"column":0},"end":{"line":14,"column":77}},"3":{"start":{"line":15,"column":0},"end":{"line":15,"column":47}},"4":{"start":{"line":16,"column":0},"end":{"line":16,"column":31}},"5":{"start":{"line":18,"column":21},"end":{"line":85,"column":1}},"6":{"start":{"line":22,"column":21},"end":{"line":22,"column":29}},"7":{"start":{"line":23,"column":24},"end":{"line":23,"column":54}},"8":{"start":{"line":24,"column":2},"end":{"line":29,"column":3}},"9":{"start":{"line":25,"column":4},"end":{"line":28,"column":7}},"10":{"start":{"line":30,"column":33},"end":{"line":30,"column":43}},"11":{"start":{"line":31,"column":2},"end":{"line":84,"column":3}},"12":{"start":{"line":32,"column":17},"end":{"line":40,"column":6}},"13":{"start":{"line":41,"column":4},"end":{"line":47,"column":5}},"14":{"start":{"line":42,"column":6},"end":{"line":42,"column":75}},"15":{"start":{"line":43,"column":6},"end":{"line":46,"column":9}},"16":{"start":{"line":49,"column":28},"end":{"line":49,"column":74}},"17":{"start":{"line":50,"column":4},"end":{"line":58,"column":5}},"18":{"start":{"line":51,"column":6},"end":{"line":53,"column":8}},"19":{"start":{"line":54,"column":6},"end":{"line":57,"column":9}},"20":{"start":{"line":60,"column":16},"end":{"line":64,"column":6}},"21":{"start":{"line":65,"column":4},"end":{"line":70,"column":7}},"22":{"start":{"line":72,"column":4},"end":{"line":76,"column":7}},"23":{"start":{"line":78,"column":4},"end":{"line":78,"column":48}},"24":{"start":{"line":79,"column":32},"end":{"line":79,"column":58}},"25":{"start":{"line":80,"column":4},"end":{"line":83,"column":7}},"26":{"start":{"line":18,"column":13},"end":{"line":18,"column":21}},"27":{"start":{"line":86,"column":24},"end":{"line":156,"column":1}},"28":{"start":{"line":90,"column":28},"end":{"line":90,"column":36}},"29":{"start":{"line":91,"column":24},"end":{"line":91,"column":64}},"30":{"start":{"line":92,"column":2},"end":{"line":97,"column":3}},"31":{"start":{"line":93,"column":4},"end":{"line":96,"column":7}},"32":{"start":{"line":99,"column":4},"end":{"line":99,"column":21}},"33":{"start":{"line":101,"column":2},"end":{"line":155,"column":3}},"34":{"start":{"line":102,"column":20},"end":{"line":131,"column":6}},"35":{"start":{"line":132,"column":16},"end":{"line":136,"column":6}},"36":{"start":{"line":137,"column":4},"end":{"line":142,"column":7}},"37":{"start":{"line":143,"column":4},"end":{"line":147,"column":7}},"38":{"start":{"line":149,"column":4},"end":{"line":149,"column":49}},"39":{"start":{"line":150,"column":32},"end":{"line":150,"column":58}},"40":{"start":{"line":151,"column":4},"end":{"line":154,"column":7}},"41":{"start":{"line":86,"column":13},"end":{"line":86,"column":24}},"42":{"start":{"line":158,"column":23},"end":{"line":184,"column":1}},"43":{"start":{"line":159,"column":16},"end":{"line":159,"column":33}},"44":{"start":{"line":160,"column":2},"end":{"line":165,"column":3}},"45":{"start":{"line":161,"column":4},"end":{"line":164,"column":7}},"46":{"start":{"line":166,"column":2},"end":{"line":183,"column":3}},"47":{"start":{"line":167,"column":20},"end":{"line":167,"column":75}},"48":{"start":{"line":168,"column":4},"end":{"line":176,"column":7}},"49":{"start":{"line":178,"column":4},"end":{"line":178,"column":57}},"50":{"start":{"line":179,"column":4},"end":{"line":182,"column":7}},"51":{"start":{"line":158,"column":13},"end":{"line":158,"column":23}}},"fnMap":{"0":{"name":"(anonymous_1)","decl":{"start":{"line":18,"column":21},"end":{"line":18,"column":26}},"loc":{"start":{"line":21,"column":4},"end":{"line":85,"column":1}}},"1":{"name":"(anonymous_2)","decl":{"start":{"line":86,"column":24},"end":{"line":86,"column":29}},"loc":{"start":{"line":89,"column":4},"end":{"line":156,"column":1}}},"2":{"name":"(anonymous_3)","decl":{"start":{"line":158,"column":23},"end":{"line":158,"column":28}},"loc":{"start":{"line":158,"column":73},"end":{"line":184,"column":1}}}},"branchMap":{"0":{"loc":{"start":{"line":24,"column":2},"end":{"line":29,"column":3}},"type":"if","locations":[{"start":{"line":24,"column":2},"end":{"line":29,"column":3}}]},"1":{"loc":{"start":{"line":41,"column":4},"end":{"line":47,"column":5}},"type":"if","locations":[{"start":{"line":41,"column":4},"end":{"line":47,"column":5}}]},"2":{"loc":{"start":{"line":50,"column":4},"end":{"line":58,"column":5}},"type":"if","locations":[{"start":{"line":50,"column":4},"end":{"line":58,"column":5}}]},"3":{"loc":{"start":{"line":69,"column":23},"end":{"line":69,"column":65}},"type":"binary-expr","locations":[{"start":{"line":69,"column":23},"end":{"line":69,"column":52}},{"start":{"line":69,"column":56},"end":{"line":69,"column":65}}]},"4":{"loc":{"start":{"line":92,"column":2},"end":{"line":97,"column":3}},"type":"if","locations":[{"start":{"line":92,"column":2},"end":{"line":97,"column":3}}]},"5":{"loc":{"start":{"line":141,"column":23},"end":{"line":141,"column":65}},"type":"binary-expr","locations":[{"start":{"line":141,"column":23},"end":{"line":141,"column":52}},{"start":{"line":141,"column":56},"end":{"line":141,"column":65}}]},"6":{"loc":{"start":{"line":160,"column":2},"end":{"line":165,"column":3}},"type":"if","locations":[{"start":{"line":160,"column":2},"end":{"line":165,"column":3}}]}},"s":{"0":0,"1":0,"2":0,"3":0,"4":0,"5":0,"6":0,"7":0,"8":0,"9":0,"10":0,"11":0,"12":0,"13":0,"14":0,"15":0,"16":0,"17":0,"18":0,"19":0,"20":0,"21":0,"22":0,"23":0,"24":0,"25":0,"26":0,"27":0,"28":0,"29":0,"30":0,"31":0,"32":0,"33":0,"34":0,"35":0,"36":0,"37":0,"38":0,"39":0,"40":0,"41":0,"42":0,"43":0,"44":0,"45":0,"46":0,"47":0,"48":0,"49":0,"50":0,"51":0},"f":{"0":0,"1":0,"2":0},"b":{"0":[0],"1":[0],"2":[0],"3":[0,0],"4":[0],"5":[0,0],"6":[0]}}
,"/home/jorus/Desktop/microservices/auth/src/middleware/metrics.ts": {"path":"/home/jorus/Desktop/microservices/auth/src/middleware/metrics.ts","statementMap":{"0":{"start":{"line":2,"column":0},"end":{"line":2,"column":67}},"1":{"start":{"line":5,"column":33},"end":{"line":21,"column":1}},"2":{"start":{"line":10,"column":14},"end":{"line":10,"column":46}},"3":{"start":{"line":11,"column":2},"end":{"line":19,"column":5}},"4":{"start":{"line":12,"column":19},"end":{"line":16,"column":6}},"5":{"start":{"line":17,"column":4},"end":{"line":17,"column":16}},"6":{"start":{"line":18,"column":4},"end":{"line":18,"column":33}},"7":{"start":{"line":20,"column":2},"end":{"line":20,"column":9}},"8":{"start":{"line":5,"column":13},"end":{"line":5,"column":33}}},"fnMap":{"0":{"name":"(anonymous_0)","decl":{"start":{"line":5,"column":33},"end":{"line":5,"column":null}},"loc":{"start":{"line":9,"column":4},"end":{"line":21,"column":1}}},"1":{"name":"(anonymous_1)","decl":{"start":{"line":11,"column":19},"end":{"line":11,"column":22}},"loc":{"start":{"line":11,"column":24},"end":{"line":19,"column":3}}}},"branchMap":{"0":{"loc":{"start":{"line":14,"column":13},"end":{"line":14,"column":40}},"type":"binary-expr","locations":[{"start":{"line":14,"column":13},"end":{"line":14,"column":28}},{"start":{"line":14,"column":32},"end":{"line":14,"column":40}}]}},"s":{"0":0,"1":0,"2":0,"3":0,"4":0,"5":0,"6":0,"7":0,"8":0},"f":{"0":0,"1":0},"b":{"0":[0,0]}}
,"/home/jorus/Desktop/microservices/auth/src/models/index.ts": {"path":"/home/jorus/Desktop/microservices/auth/src/models/index.ts","statementMap":{"0":{"start":{"line":1,"column":0},"end":{"line":1,"column":null}},"1":{"start":{"line":2,"column":2},"end":{"line":2,"column":null}},"2":{"start":{"line":3,"column":2},"end":{"line":3,"column":null}}},"fnMap":{"0":{"name":"(anonymous_0)","decl":{"start":{"line":1,"column":0},"end":{"line":1,"column":12}},"loc":{"start":{"line":1,"column":20},"end":{"line":4,"column":1}}}},"branchMap":{"0":{"loc":{"start":{"line":1,"column":12},"end":{"line":1,"column":null}},"type":"binary-expr","locations":[{"start":{"line":1,"column":12},"end":{"line":1,"column":20}},{"start":{"line":1,"column":20},"end":{"line":1,"column":null}}]}},"s":{"0":2,"1":2,"2":2},"f":{"0":2},"b":{"0":[2,2]}}
,"/home/jorus/Desktop/microservices/auth/src/router/health.ts": {"path":"/home/jorus/Desktop/microservices/auth/src/router/health.ts","statementMap":{"0":{"start":{"line":1,"column":0},"end":{"line":1,"column":30}},"1":{"start":{"line":2,"column":0},"end":{"line":2,"column":31}},"2":{"start":{"line":4,"column":21},"end":{"line":4,"column":37}},"3":{"start":{"line":6,"column":0},"end":{"line":9,"column":3}},"4":{"start":{"line":7,"column":2},"end":{"line":7,"column":46}},"5":{"start":{"line":8,"column":2},"end":{"line":8,"column":29}},"6":{"start":{"line":11,"column":0},"end":{"line":14,"column":3}},"7":{"start":{"line":12,"column":2},"end":{"line":12,"column":45}},"8":{"start":{"line":13,"column":2},"end":{"line":13,"column":32}},"9":{"start":{"line":16,"column":0},"end":{"line":16,"column":28}}},"fnMap":{"0":{"name":"(anonymous_1)","decl":{"start":{"line":6,"column":28},"end":{"line":6,"column":29}},"loc":{"start":{"line":6,"column":41},"end":{"line":9,"column":1}}},"1":{"name":"(anonymous_2)","decl":{"start":{"line":11,"column":27},"end":{"line":11,"column":28}},"loc":{"start":{"line":11,"column":40},"end":{"line":14,"column":1}}}},"branchMap":{},"s":{"0":0,"1":0,"2":0,"3":0,"4":0,"5":0,"6":0,"7":0,"8":0,"9":0},"f":{"0":0,"1":0},"b":{}}
,"/home/jorus/Desktop/microservices/auth/src/router/index.ts": {"path":"/home/jorus/Desktop/microservices/auth/src/router/index.ts","statementMap":{"0":{"start":{"line":1,"column":0},"end":{"line":1,"column":30}},"1":{"start":{"line":2,"column":0},"end":{"line":2,"column":58}},"2":{"start":{"line":3,"column":19},"end":{"line":3,"column":35}},"3":{"start":{"line":5,"column":0},"end":{"line":5,"column":39}},"4":{"start":{"line":6,"column":0},"end":{"line":6,"column":45}},"5":{"start":{"line":7,"column":0},"end":{"line":7,"column":37}},"6":{"start":{"line":9,"column":0},"end":{"line":9,"column":26}}},"fnMap":{},"branchMap":{},"s":{"0":0,"1":0,"2":0,"3":0,"4":0,"5":0,"6":0},"f":{},"b":{}}
,"/home/jorus/Desktop/microservices/auth/src/utils/auth-utils.ts": {"path":"/home/jorus/Desktop/microservices/auth/src/utils/auth-utils.ts","statementMap":{"0":{"start":{"line":1,"column":0},"end":{"line":1,"column":28}},"1":{"start":{"line":2,"column":0},"end":{"line":2,"column":48}},"2":{"start":{"line":5,"column":28},"end":{"line":9,"column":1}},"3":{"start":{"line":6,"column":2},"end":{"line":8,"column":5}},"4":{"start":{"line":5,"column":13},"end":{"line":5,"column":28}},"5":{"start":{"line":11,"column":31},"end":{"line":13,"column":1}},"6":{"start":{"line":12,"column":2},"end":{"line":12,"column":45}},"7":{"start":{"line":11,"column":13},"end":{"line":11,"column":31}},"8":{"start":{"line":15,"column":23},"end":{"line":22,"column":1}},"9":{"start":{"line":16,"column":31},"end":{"line":20,"column":4}},"10":{"start":{"line":21,"column":2},"end":{"line":21,"column":61}},"11":{"start":{"line":15,"column":13},"end":{"line":15,"column":23}}},"fnMap":{"0":{"name":"(anonymous_1)","decl":{"start":{"line":5,"column":28},"end":{"line":5,"column":33}},"loc":{"start":{"line":5,"column":55},"end":{"line":9,"column":1}}},"1":{"name":"(anonymous_2)","decl":{"start":{"line":11,"column":31},"end":{"line":11,"column":36}},"loc":{"start":{"line":11,"column":72},"end":{"line":13,"column":1}}},"2":{"name":"(anonymous_3)","decl":{"start":{"line":15,"column":23},"end":{"line":15,"column":24}},"loc":{"start":{"line":15,"column":46},"end":{"line":22,"column":1}}}},"branchMap":{"0":{"loc":{"start":{"line":17,"column":16},"end":{"line":17,"column":79}},"type":"binary-expr","locations":[{"start":{"line":17,"column":16},"end":{"line":17,"column":71}},{"start":{"line":17,"column":75},"end":{"line":17,"column":79}}]}},"s":{"0":2,"1":2,"2":2,"3":9,"4":2,"5":2,"6":5,"7":2,"8":2,"9":4,"10":4,"11":2},"f":{"0":9,"1":5,"2":4},"b":{"0":[4,0]}}
,"/home/jorus/Desktop/microservices/auth/src/utils/prisma.ts": {"path":"/home/jorus/Desktop/microservices/auth/src/utils/prisma.ts","statementMap":{"0":{"start":{"line":21,"column":0},"end":{"line":21,"column":16}},"1":{"start":{"line":1,"column":0},"end":{"line":1,"column":23}},"2":{"start":{"line":2,"column":0},"end":{"line":2,"column":46}},"3":{"start":{"line":3,"column":0},"end":{"line":3,"column":61}},"4":{"start":{"line":4,"column":0},"end":{"line":4,"column":81}},"5":{"start":{"line":5,"column":0},"end":{"line":5,"column":null}},"6":{"start":{"line":12,"column":0},"end":{"line":14,"column":1}},"7":{"start":{"line":13,"column":2},"end":{"line":13,"column":49}},"8":{"start":{"line":16,"column":16},"end":{"line":18,"column":2}},"9":{"start":{"line":19,"column":13},"end":{"line":19,"column":52}},"10":{"start":{"line":26,"column":2},"end":{"line":59,"column":3}},"11":{"start":{"line":27,"column":4},"end":{"line":58,"column":5}},"12":{"start":{"line":29,"column":8},"end":{"line":32,"column":10}},"13":{"start":{"line":36,"column":8},"end":{"line":39,"column":10}},"14":{"start":{"line":42,"column":8},"end":{"line":45,"column":10}},"15":{"start":{"line":48,"column":8},"end":{"line":51,"column":10}},"16":{"start":{"line":54,"column":8},"end":{"line":57,"column":10}},"17":{"start":{"line":62,"column":2},"end":{"line":67,"column":3}},"18":{"start":{"line":63,"column":4},"end":{"line":66,"column":6}},"19":{"start":{"line":70,"column":2},"end":{"line":75,"column":3}},"20":{"start":{"line":71,"column":4},"end":{"line":74,"column":6}},"21":{"start":{"line":78,"column":2},"end":{"line":83,"column":3}},"22":{"start":{"line":79,"column":4},"end":{"line":82,"column":6}},"23":{"start":{"line":86,"column":2},"end":{"line":91,"column":3}},"24":{"start":{"line":87,"column":4},"end":{"line":90,"column":6}},"25":{"start":{"line":94,"column":2},"end":{"line":97,"column":4}}},"fnMap":{"0":{"name":"getPrismaErrorMessage","decl":{"start":{"line":21,"column":16},"end":{"line":21,"column":37}},"loc":{"start":{"line":21,"column":50},"end":{"line":98,"column":1}}}},"branchMap":{"0":{"loc":{"start":{"line":12,"column":0},"end":{"line":14,"column":1}},"type":"if","locations":[{"start":{"line":12,"column":0},"end":{"line":14,"column":1}}]},"1":{"loc":{"start":{"line":26,"column":2},"end":{"line":59,"column":3}},"type":"if","locations":[{"start":{"line":26,"column":2},"end":{"line":59,"column":3}}]},"2":{"loc":{"start":{"line":27,"column":4},"end":{"line":58,"column":5}},"type":"switch","locations":[{"start":{"line":28,"column":6},"end":{"line":33,"column":7}},{"start":{"line":35,"column":6},"end":{"line":39,"column":10}},{"start":{"line":41,"column":6},"end":{"line":45,"column":10}},{"start":{"line":47,"column":6},"end":{"line":51,"column":10}},{"start":{"line":53,"column":6},"end":{"line":57,"column":10}}]},"3":{"loc":{"start":{"line":62,"column":2},"end":{"line":67,"column":3}},"type":"if","locations":[{"start":{"line":62,"column":2},"end":{"line":67,"column":3}}]},"4":{"loc":{"start":{"line":70,"column":2},"end":{"line":75,"column":3}},"type":"if","locations":[{"start":{"line":70,"column":2},"end":{"line":75,"column":3}}]},"5":{"loc":{"start":{"line":78,"column":2},"end":{"line":83,"column":3}},"type":"if","locations":[{"start":{"line":78,"column":2},"end":{"line":83,"column":3}}]},"6":{"loc":{"start":{"line":86,"column":2},"end":{"line":91,"column":3}},"type":"if","locations":[{"start":{"line":86,"column":2},"end":{"line":91,"column":3}}]}},"s":{"0":0,"1":0,"2":0,"3":0,"4":0,"5":0,"6":0,"7":0,"8":0,"9":0,"10":0,"11":0,"12":0,"13":0,"14":0,"15":0,"16":0,"17":0,"18":0,"19":0,"20":0,"21":0,"22":0,"23":0,"24":0,"25":0},"f":{"0":0},"b":{"0":[0],"1":[0],"2":[0,0,0,0,0],"3":[0],"4":[0],"5":[0],"6":[0]}}
,"/home/jorus/Desktop/microservices/auth/src/utils/validation-utils.ts": {"path":"/home/jorus/Desktop/microservices/auth/src/utils/validation-utils.ts","statementMap":{"0":{"start":{"line":7,"column":37},"end":{"line":87,"column":1}},"1":{"start":{"line":10,"column":2},"end":{"line":15,"column":3}},"2":{"start":{"line":11,"column":4},"end":{"line":14,"column":6}},"3":{"start":{"line":16,"column":2},"end":{"line":30,"column":3}},"4":{"start":{"line":25,"column":4},"end":{"line":29,"column":6}},"5":{"start":{"line":31,"column":2},"end":{"line":44,"column":3}},"6":{"start":{"line":40,"column":4},"end":{"line":43,"column":6}},"7":{"start":{"line":46,"column":2},"end":{"line":51,"column":3}},"8":{"start":{"line":47,"column":4},"end":{"line":50,"column":6}},"9":{"start":{"line":52,"column":2},"end":{"line":57,"column":3}},"10":{"start":{"line":53,"column":4},"end":{"line":56,"column":6}},"11":{"start":{"line":59,"column":2},"end":{"line":64,"column":3}},"12":{"start":{"line":60,"column":4},"end":{"line":63,"column":6}},"13":{"start":{"line":66,"column":2},"end":{"line":71,"column":3}},"14":{"start":{"line":67,"column":4},"end":{"line":70,"column":6}},"15":{"start":{"line":73,"column":2},"end":{"line":78,"column":3}},"16":{"start":{"line":74,"column":4},"end":{"line":77,"column":6}},"17":{"start":{"line":80,"column":2},"end":{"line":85,"column":3}},"18":{"start":{"line":81,"column":4},"end":{"line":84,"column":6}},"19":{"start":{"line":86,"column":2},"end":{"line":86,"column":27}},"20":{"start":{"line":7,"column":13},"end":{"line":7,"column":37}},"21":{"start":{"line":88,"column":34},"end":{"line":114,"column":1}},"22":{"start":{"line":92,"column":2},"end":{"line":97,"column":3}},"23":{"start":{"line":93,"column":4},"end":{"line":96,"column":6}},"24":{"start":{"line":98,"column":2},"end":{"line":103,"column":3}},"25":{"start":{"line":99,"column":4},"end":{"line":102,"column":6}},"26":{"start":{"line":104,"column":2},"end":{"line":112,"column":3}},"27":{"start":{"line":108,"column":4},"end":{"line":111,"column":6}},"28":{"start":{"line":113,"column":2},"end":{"line":113,"column":27}},"29":{"start":{"line":88,"column":13},"end":{"line":88,"column":34}}},"fnMap":{"0":{"name":"(anonymous_0)","decl":{"start":{"line":7,"column":37},"end":{"line":7,"column":null}},"loc":{"start":{"line":9,"column":24},"end":{"line":87,"column":1}}},"1":{"name":"(anonymous_1)","decl":{"start":{"line":88,"column":34},"end":{"line":88,"column":35}},"loc":{"start":{"line":91,"column":25},"end":{"line":114,"column":1}}}},"branchMap":{"0":{"loc":{"start":{"line":10,"column":2},"end":{"line":15,"column":3}},"type":"if","locations":[{"start":{"line":10,"column":2},"end":{"line":15,"column":3}}]},"1":{"loc":{"start":{"line":16,"column":2},"end":{"line":30,"column":3}},"type":"if","locations":[{"start":{"line":16,"column":2},"end":{"line":30,"column":3}}]},"2":{"loc":{"start":{"line":17,"column":4},"end":{"line":23,"column":26}},"type":"binary-expr","locations":[{"start":{"line":17,"column":4},"end":{"line":17,"column":27}},{"start":{"line":18,"column":4},"end":{"line":18,"column":27}},{"start":{"line":19,"column":4},"end":{"line":19,"column":23}},{"start":{"line":20,"column":4},"end":{"line":20,"column":24}},{"start":{"line":21,"column":4},"end":{"line":21,"column":22}},{"start":{"line":22,"column":4},"end":{"line":22,"column":24}},{"start":{"line":23,"column":4},"end":{"line":23,"column":26}}]},"3":{"loc":{"start":{"line":31,"column":2},"end":{"line":44,"column":3}},"type":"if","locations":[{"start":{"line":31,"column":2},"end":{"line":44,"column":3}}]},"4":{"loc":{"start":{"line":32,"column":4},"end":{"line":38,"column":41}},"type":"binary-expr","locations":[{"start":{"line":32,"column":4},"end":{"line":32,"column":42}},{"start":{"line":33,"column":4},"end":{"line":33,"column":45}},{"start":{"line":34,"column":4},"end":{"line":34,"column":46}},{"start":{"line":35,"column":4},"end":{"line":35,"column":46}},{"start":{"line":36,"column":4},"end":{"line":36,"column":43}},{"start":{"line":37,"column":4},"end":{"line":37,"column":43}},{"start":{"line":38,"column":4},"end":{"line":38,"column":41}}]},"5":{"loc":{"start":{"line":46,"column":2},"end":{"line":51,"column":3}},"type":"if","locations":[{"start":{"line":46,"column":2},"end":{"line":51,"column":3}}]},"6":{"loc":{"start":{"line":52,"column":2},"end":{"line":57,"column":3}},"type":"if","locations":[{"start":{"line":52,"column":2},"end":{"line":57,"column":3}}]},"7":{"loc":{"start":{"line":59,"column":2},"end":{"line":64,"column":3}},"type":"if","locations":[{"start":{"line":59,"column":2},"end":{"line":64,"column":3}}]},"8":{"loc":{"start":{"line":66,"column":2},"end":{"line":71,"column":3}},"type":"if","locations":[{"start":{"line":66,"column":2},"end":{"line":71,"column":3}}]},"9":{"loc":{"start":{"line":73,"column":2},"end":{"line":78,"column":3}},"type":"if","locations":[{"start":{"line":73,"column":2},"end":{"line":78,"column":3}}]},"10":{"loc":{"start":{"line":80,"column":2},"end":{"line":85,"column":3}},"type":"if","locations":[{"start":{"line":80,"column":2},"end":{"line":85,"column":3}}]},"11":{"loc":{"start":{"line":92,"column":2},"end":{"line":97,"column":3}},"type":"if","locations":[{"start":{"line":92,"column":2},"end":{"line":97,"column":3}}]},"12":{"loc":{"start":{"line":98,"column":2},"end":{"line":103,"column":3}},"type":"if","locations":[{"start":{"line":98,"column":2},"end":{"line":103,"column":3}}]},"13":{"loc":{"start":{"line":98,"column":6},"end":{"line":98,"column":50}},"type":"binary-expr","locations":[{"start":{"line":98,"column":6},"end":{"line":98,"column":26}},{"start":{"line":98,"column":30},"end":{"line":98,"column":50}}]},"14":{"loc":{"start":{"line":104,"column":2},"end":{"line":112,"column":3}},"type":"if","locations":[{"start":{"line":104,"column":2},"end":{"line":112,"column":3}}]},"15":{"loc":{"start":{"line":105,"column":4},"end":{"line":106,"column":43}},"type":"binary-expr","locations":[{"start":{"line":105,"column":4},"end":{"line":105,"column":43}},{"start":{"line":106,"column":4},"end":{"line":106,"column":43}}]}},"s":{"0":2,"1":21,"2":1,"3":20,"4":2,"5":18,"6":1,"7":17,"8":2,"9":15,"10":2,"11":13,"12":2,"13":11,"14":1,"15":10,"16":3,"17":7,"18":2,"19":5,"20":2,"21":2,"22":10,"23":1,"24":9,"25":4,"26":5,"27":3,"28":2,"29":2},"f":{"0":21,"1":10},"b":{"0":[1],"1":[2],"2":[20,20,18,18,18,18,18],"3":[1],"4":[18,18,18,17,17,17,17],"5":[2],"6":[2],"7":[2],"8":[1],"9":[3],"10":[2],"11":[1],"12":[4],"13":[9,7],"14":[3],"15":[5,3]}}
}
