TN:
SF:src/metrics.ts
FNF:0
FNH:0
DA:1,0
DA:3,0
DA:5,0
DA:7,0
DA:15,0
LF:5
LH:0
BRF:0
BRH:0
end_of_record
TN:
SF:src/__tests__/factories.ts
FN:4,(anonymous_1)
FN:14,(anonymous_2)
FN:27,(anonymous_3)
FN:41,(anonymous_4)
FN:52,(anonymous_5)
FNF:5
FNH:3
FNDA:0,(anonymous_1)
FNDA:0,(anonymous_2)
FNDA:2,(anonymous_3)
FNDA:18,(anonymous_4)
FNDA:4,(anonymous_5)
DA:1,2
DA:2,2
DA:4,2
DA:14,2
DA:27,2
DA:31,2
DA:36,2
DA:41,18
DA:52,4
LF:9
LH:9
BRDA:29,0,0,2
BRDA:29,1,0,2
BRDA:29,1,1,0
BRF:3
BRH:2
end_of_record
TN:
SF:src/__tests__/test-helpers.ts
FN:4,(anonymous_1)
FN:10,(anonymous_2)
FN:23,(anonymous_3)
FN:29,(anonymous_4)
FNF:4
FNH:0
FNDA:0,(anonymous_1)
FNDA:0,(anonymous_2)
FNDA:0,(anonymous_3)
FNDA:0,(anonymous_4)
DA:1,0
DA:2,0
DA:4,0
DA:5,0
DA:6,0
DA:7,0
DA:10,0
DA:16,0
DA:17,0
DA:18,0
DA:20,0
DA:23,0
DA:24,0
DA:25,0
DA:27,0
DA:28,0
DA:29,0
DA:30,0
DA:31,0
DA:34,0
LF:20
LH:0
BRDA:17,0,0,0
BRDA:24,1,0,0
BRDA:28,2,0,0
BRDA:28,3,0,0
BRDA:28,3,1,0
BRDA:30,4,0,0
BRF:6
BRH:0
end_of_record
TN:
SF:src/controllers/index.ts
FN:18,(anonymous_1)
FN:86,(anonymous_2)
FN:158,(anonymous_3)
FNF:3
FNH:0
FNDA:0,(anonymous_1)
FNDA:0,(anonymous_2)
FNDA:0,(anonymous_3)
DA:9,0
DA:13,0
DA:14,0
DA:15,0
DA:16,0
DA:18,0
DA:22,0
DA:23,0
DA:24,0
DA:25,0
DA:30,0
DA:31,0
DA:32,0
DA:41,0
DA:42,0
DA:43,0
DA:49,0
DA:50,0
DA:51,0
DA:54,0
DA:60,0
DA:65,0
DA:72,0
DA:78,0
DA:79,0
DA:80,0
DA:86,0
DA:90,0
DA:91,0
DA:92,0
DA:93,0
DA:99,0
DA:101,0
DA:102,0
DA:132,0
DA:137,0
DA:143,0
DA:149,0
DA:150,0
DA:151,0
DA:158,0
DA:159,0
DA:160,0
DA:161,0
DA:166,0
DA:167,0
DA:168,0
DA:178,0
DA:179,0
LF:49
LH:0
BRDA:24,0,0,0
BRDA:41,1,0,0
BRDA:50,2,0,0
BRDA:69,3,0,0
BRDA:69,3,1,0
BRDA:92,4,0,0
BRDA:141,5,0,0
BRDA:141,5,1,0
BRDA:160,6,0,0
BRF:9
BRH:0
end_of_record
TN:
SF:src/middleware/metrics.ts
FN:5,(anonymous_0)
FN:11,(anonymous_1)
FNF:2
FNH:0
FNDA:0,(anonymous_0)
FNDA:0,(anonymous_1)
DA:2,0
DA:5,0
DA:10,0
DA:11,0
DA:12,0
DA:17,0
DA:18,0
DA:20,0
LF:8
LH:0
BRDA:14,0,0,0
BRDA:14,0,1,0
BRF:2
BRH:0
end_of_record
TN:
SF:src/models/index.ts
FN:1,(anonymous_0)
FNF:1
FNH:1
FNDA:2,(anonymous_0)
DA:1,2
DA:2,2
DA:3,2
LF:3
LH:3
BRDA:1,0,0,2
BRDA:1,0,1,2
BRF:2
BRH:2
end_of_record
TN:
SF:src/router/health.ts
FN:6,(anonymous_1)
FN:11,(anonymous_2)
FNF:2
FNH:0
FNDA:0,(anonymous_1)
FNDA:0,(anonymous_2)
DA:1,0
DA:2,0
DA:4,0
DA:6,0
DA:7,0
DA:8,0
DA:11,0
DA:12,0
DA:13,0
DA:16,0
LF:10
LH:0
BRF:0
BRH:0
end_of_record
TN:
SF:src/router/index.ts
FNF:0
FNH:0
DA:1,0
DA:2,0
DA:3,0
DA:5,0
DA:6,0
DA:7,0
DA:9,0
LF:7
LH:0
BRF:0
BRH:0
end_of_record
TN:
SF:src/utils/auth-utils.ts
FN:5,(anonymous_1)
FN:11,(anonymous_2)
FN:15,(anonymous_3)
FNF:3
FNH:3
FNDA:9,(anonymous_1)
FNDA:5,(anonymous_2)
FNDA:4,(anonymous_3)
DA:1,2
DA:2,2
DA:5,2
DA:6,9
DA:11,2
DA:12,5
DA:15,2
DA:16,4
DA:21,4
LF:9
LH:9
BRDA:17,0,0,4
BRDA:17,0,1,0
BRF:2
BRH:1
end_of_record
TN:
SF:src/utils/prisma.ts
FN:21,getPrismaErrorMessage
FNF:1
FNH:0
FNDA:0,getPrismaErrorMessage
DA:1,0
DA:2,0
DA:3,0
DA:4,0
DA:5,0
DA:12,0
DA:13,0
DA:16,0
DA:19,0
DA:21,0
DA:26,0
DA:27,0
DA:29,0
DA:36,0
DA:42,0
DA:48,0
DA:54,0
DA:62,0
DA:63,0
DA:70,0
DA:71,0
DA:78,0
DA:79,0
DA:86,0
DA:87,0
DA:94,0
LF:26
LH:0
BRDA:12,0,0,0
BRDA:26,1,0,0
BRDA:27,2,0,0
BRDA:27,2,1,0
BRDA:27,2,2,0
BRDA:27,2,3,0
BRDA:27,2,4,0
BRDA:62,3,0,0
BRDA:70,4,0,0
BRDA:78,5,0,0
BRDA:86,6,0,0
BRF:11
BRH:0
end_of_record
TN:
SF:src/utils/validation-utils.ts
FN:7,(anonymous_0)
FN:88,(anonymous_1)
FNF:2
FNH:2
FNDA:21,(anonymous_0)
FNDA:10,(anonymous_1)
DA:7,2
DA:10,21
DA:11,1
DA:16,20
DA:25,2
DA:31,18
DA:40,1
DA:46,17
DA:47,2
DA:52,15
DA:53,2
DA:59,13
DA:60,2
DA:66,11
DA:67,1
DA:73,10
DA:74,3
DA:80,7
DA:81,2
DA:86,5
DA:88,2
DA:92,10
DA:93,1
DA:98,9
DA:99,4
DA:104,5
DA:108,3
DA:113,2
LF:28
LH:28
BRDA:10,0,0,1
BRDA:16,1,0,2
BRDA:17,2,0,20
BRDA:17,2,1,20
BRDA:17,2,2,18
BRDA:17,2,3,18
BRDA:17,2,4,18
BRDA:17,2,5,18
BRDA:17,2,6,18
BRDA:31,3,0,1
BRDA:32,4,0,18
BRDA:32,4,1,18
BRDA:32,4,2,18
BRDA:32,4,3,17
BRDA:32,4,4,17
BRDA:32,4,5,17
BRDA:32,4,6,17
BRDA:46,5,0,2
BRDA:52,6,0,2
BRDA:59,7,0,2
BRDA:66,8,0,1
BRDA:73,9,0,3
BRDA:80,10,0,2
BRDA:92,11,0,1
BRDA:98,12,0,4
BRDA:98,13,0,9
BRDA:98,13,1,7
BRDA:104,14,0,3
BRDA:105,15,0,5
BRDA:105,15,1,3
BRF:30
BRH:30
end_of_record
