{"/home/jorus/Desktop/microservices/accounts/src/metrics.ts": {"path":"/home/jorus/Desktop/microservices/accounts/src/metrics.ts","statementMap":{"0":{"start":{"line":1,"column":0},"end":{"line":1,"column":33}},"1":{"start":{"line":3,"column":13},"end":{"line":3,"column":46}},"2":{"start":{"line":5,"column":0},"end":{"line":5,"column":43}},"3":{"start":{"line":7,"column":13},"end":{"line":13,"column":3}},"4":{"start":{"line":15,"column":13},"end":{"line":20,"column":3}}},"fnMap":{},"branchMap":{},"s":{"0":0,"1":0,"2":0,"3":0,"4":0},"f":{},"b":{}}
,"/home/jorus/Desktop/microservices/accounts/src/__tests__/factories.ts": {"path":"/home/jorus/Desktop/microservices/accounts/src/__tests__/factories.ts","statementMap":{"0":{"start":{"line":1,"column":0},"end":{"line":1,"column":31}},"1":{"start":{"line":3,"column":33},"end":{"line":12,"column":2}},"2":{"start":{"line":3,"column":64},"end":{"line":12,"column":2}},"3":{"start":{"line":3,"column":13},"end":{"line":3,"column":33}},"4":{"start":{"line":14,"column":30},"end":{"line":19,"column":2}},"5":{"start":{"line":14,"column":61},"end":{"line":19,"column":2}},"6":{"start":{"line":14,"column":13},"end":{"line":14,"column":30}},"7":{"start":{"line":21,"column":29},"end":{"line":33,"column":1}},"8":{"start":{"line":25,"column":25},"end":{"line":29,"column":4}},"9":{"start":{"line":30,"column":2},"end":{"line":32,"column":5}},"10":{"start":{"line":21,"column":13},"end":{"line":21,"column":29}},"11":{"start":{"line":35,"column":42},"end":{"line":41,"column":2}},"12":{"start":{"line":35,"column":73},"end":{"line":41,"column":2}},"13":{"start":{"line":35,"column":13},"end":{"line":35,"column":42}}},"fnMap":{"0":{"name":"(anonymous_1)","decl":{"start":{"line":3,"column":33},"end":{"line":3,"column":34}},"loc":{"start":{"line":3,"column":64},"end":{"line":12,"column":2}}},"1":{"name":"(anonymous_2)","decl":{"start":{"line":14,"column":30},"end":{"line":14,"column":31}},"loc":{"start":{"line":14,"column":61},"end":{"line":19,"column":2}}},"2":{"name":"(anonymous_3)","decl":{"start":{"line":21,"column":29},"end":{"line":21,"column":null}},"loc":{"start":{"line":24,"column":4},"end":{"line":33,"column":1}}},"3":{"name":"(anonymous_4)","decl":{"start":{"line":35,"column":42},"end":{"line":35,"column":43}},"loc":{"start":{"line":35,"column":73},"end":{"line":41,"column":2}}}},"branchMap":{"0":{"loc":{"start":{"line":23,"column":2},"end":{"line":23,"column":50}},"type":"default-arg","locations":[{"start":{"line":23,"column":11},"end":{"line":23,"column":50}}]},"1":{"loc":{"start":{"line":23,"column":11},"end":{"line":23,"column":50}},"type":"binary-expr","locations":[{"start":{"line":23,"column":11},"end":{"line":23,"column":33}},{"start":{"line":23,"column":37},"end":{"line":23,"column":50}}]}},"s":{"0":1,"1":1,"2":6,"3":1,"4":1,"5":0,"6":1,"7":1,"8":0,"9":0,"10":1,"11":1,"12":5,"13":1},"f":{"0":6,"1":0,"2":0,"3":5},"b":{"0":[0],"1":[0,0]}}
,"/home/jorus/Desktop/microservices/accounts/src/__tests__/mocks.ts": {"path":"/home/jorus/Desktop/microservices/accounts/src/__tests__/mocks.ts","statementMap":{"0":{"start":{"line":1,"column":0},"end":{"line":1,"column":41}},"1":{"start":{"line":3,"column":13},"end":{"line":3,"column":63}},"2":{"start":{"line":5,"column":32},"end":{"line":8,"column":1}},"3":{"start":{"line":6,"column":2},"end":{"line":6,"column":23}},"4":{"start":{"line":7,"column":2},"end":{"line":7,"column":20}},"5":{"start":{"line":5,"column":13},"end":{"line":5,"column":32}},"6":{"start":{"line":10,"column":25},"end":{"line":13,"column":1}},"7":{"start":{"line":11,"column":16},"end":{"line":11,"column":32}},"8":{"start":{"line":12,"column":2},"end":{"line":12,"column":44}},"9":{"start":{"line":10,"column":13},"end":{"line":10,"column":25}}},"fnMap":{"0":{"name":"(anonymous_0)","decl":{"start":{"line":5,"column":32},"end":{"line":5,"column":35}},"loc":{"start":{"line":5,"column":37},"end":{"line":8,"column":1}}},"1":{"name":"(anonymous_1)","decl":{"start":{"line":10,"column":25},"end":{"line":10,"column":28}},"loc":{"start":{"line":10,"column":30},"end":{"line":13,"column":1}}}},"branchMap":{},"s":{"0":0,"1":0,"2":0,"3":0,"4":0,"5":0,"6":0,"7":0,"8":0,"9":0},"f":{"0":0,"1":0},"b":{}}
,"/home/jorus/Desktop/microservices/accounts/src/__tests__/test-helpers.ts": {"path":"/home/jorus/Desktop/microservices/accounts/src/__tests__/test-helpers.ts","statementMap":{"0":{"start":{"line":1,"column":0},"end":{"line":1,"column":43}},"1":{"start":{"line":2,"column":0},"end":{"line":2,"column":32}},"2":{"start":{"line":4,"column":29},"end":{"line":8,"column":1}},"3":{"start":{"line":5,"column":14},"end":{"line":5,"column":23}},"4":{"start":{"line":6,"column":2},"end":{"line":6,"column":26}},"5":{"start":{"line":7,"column":2},"end":{"line":7,"column":13}},"6":{"start":{"line":4,"column":13},"end":{"line":4,"column":29}},"7":{"start":{"line":10,"column":42},"end":{"line":22,"column":1}},"8":{"start":{"line":16,"column":12},"end":{"line":16,"column":38}},"9":{"start":{"line":17,"column":2},"end":{"line":20,"column":3}},"10":{"start":{"line":18,"column":4},"end":{"line":19,"column":39}},"11":{"start":{"line":21,"column":2},"end":{"line":21,"column":13}},"12":{"start":{"line":10,"column":13},"end":{"line":10,"column":42}},"13":{"start":{"line":24,"column":26},"end":{"line":36,"column":1}},"14":{"start":{"line":25,"column":2},"end":{"line":27,"column":3}},"15":{"start":{"line":26,"column":4},"end":{"line":26,"column":36}},"16":{"start":{"line":28,"column":20},"end":{"line":28,"column":50}},"17":{"start":{"line":29,"column":2},"end":{"line":34,"column":3}},"18":{"start":{"line":30,"column":24},"end":{"line":30,"column":69}},"19":{"start":{"line":30,"column":46},"end":{"line":30,"column":68}},"20":{"start":{"line":31,"column":4},"end":{"line":33,"column":5}},"21":{"start":{"line":32,"column":6},"end":{"line":32,"column":61}},"22":{"start":{"line":35,"column":2},"end":{"line":35,"column":14}},"23":{"start":{"line":24,"column":13},"end":{"line":24,"column":26}}},"fnMap":{"0":{"name":"(anonymous_1)","decl":{"start":{"line":4,"column":29},"end":{"line":4,"column":41}},"loc":{"start":{"line":4,"column":43},"end":{"line":8,"column":1}}},"1":{"name":"(anonymous_2)","decl":{"start":{"line":10,"column":42},"end":{"line":10,"column":null}},"loc":{"start":{"line":15,"column":4},"end":{"line":22,"column":1}}},"2":{"name":"(anonymous_3)","decl":{"start":{"line":24,"column":26},"end":{"line":24,"column":27}},"loc":{"start":{"line":24,"column":59},"end":{"line":36,"column":1}}},"3":{"name":"(anonymous_4)","decl":{"start":{"line":30,"column":39},"end":{"line":30,"column":40}},"loc":{"start":{"line":30,"column":46},"end":{"line":30,"column":68}}}},"branchMap":{"0":{"loc":{"start":{"line":17,"column":2},"end":{"line":20,"column":3}},"type":"if","locations":[{"start":{"line":17,"column":2},"end":{"line":20,"column":3}}]},"1":{"loc":{"start":{"line":25,"column":2},"end":{"line":27,"column":3}},"type":"if","locations":[{"start":{"line":25,"column":2},"end":{"line":27,"column":3}}]},"2":{"loc":{"start":{"line":29,"column":2},"end":{"line":34,"column":3}},"type":"if","locations":[{"start":{"line":29,"column":2},"end":{"line":34,"column":3}}]},"3":{"loc":{"start":{"line":29,"column":6},"end":{"line":29,"column":43}},"type":"binary-expr","locations":[{"start":{"line":29,"column":6},"end":{"line":29,"column":15}},{"start":{"line":29,"column":19},"end":{"line":29,"column":43}}]},"4":{"loc":{"start":{"line":31,"column":4},"end":{"line":33,"column":5}},"type":"if","locations":[{"start":{"line":31,"column":4},"end":{"line":33,"column":5}}]}},"s":{"0":0,"1":0,"2":0,"3":0,"4":0,"5":0,"6":0,"7":0,"8":0,"9":0,"10":0,"11":0,"12":0,"13":0,"14":0,"15":0,"16":0,"17":0,"18":0,"19":0,"20":0,"21":0,"22":0,"23":0},"f":{"0":0,"1":0,"2":0,"3":0},"b":{"0":[0],"1":[0],"2":[0],"3":[0,0],"4":[0]}}
,"/home/jorus/Desktop/microservices/accounts/src/controllers/index.ts": {"path":"/home/jorus/Desktop/microservices/accounts/src/controllers/index.ts","statementMap":{"0":{"start":{"line":2,"column":0},"end":{"line":2,"column":null}},"1":{"start":{"line":8,"column":0},"end":{"line":8,"column":76}},"2":{"start":{"line":9,"column":0},"end":{"line":9,"column":64}},"3":{"start":{"line":12,"column":0},"end":{"line":12,"column":31}},"4":{"start":{"line":17,"column":27},"end":{"line":54,"column":1}},"5":{"start":{"line":21,"column":2},"end":{"line":53,"column":3}},"6":{"start":{"line":22,"column":35},"end":{"line":22,"column":37}},"7":{"start":{"line":23,"column":4},"end":{"line":31,"column":5}},"8":{"start":{"line":24,"column":6},"end":{"line":24,"column":49}},"9":{"start":{"line":26,"column":6},"end":{"line":30,"column":9}},"10":{"start":{"line":32,"column":4},"end":{"line":45,"column":7}},"11":{"start":{"line":35,"column":8},"end":{"line":43,"column":10}},"12":{"start":{"line":47,"column":4},"end":{"line":47,"column":50}},"13":{"start":{"line":48,"column":32},"end":{"line":48,"column":58}},"14":{"start":{"line":49,"column":4},"end":{"line":52,"column":7}},"15":{"start":{"line":17,"column":13},"end":{"line":17,"column":27}},"16":{"start":{"line":60,"column":26},"end":{"line":115,"column":1}},"17":{"start":{"line":64,"column":24},"end":{"line":64,"column":47}},"18":{"start":{"line":65,"column":2},"end":{"line":82,"column":3}},"19":{"start":{"line":66,"column":20},"end":{"line":70,"column":6}},"20":{"start":{"line":71,"column":4},"end":{"line":75,"column":9}},"21":{"start":{"line":72,"column":6},"end":{"line":75,"column":9}},"22":{"start":{"line":76,"column":4},"end":{"line":81,"column":5}},"23":{"start":{"line":77,"column":6},"end":{"line":80,"column":9}},"24":{"start":{"line":83,"column":2},"end":{"line":114,"column":3}},"25":{"start":{"line":84,"column":22},"end":{"line":84,"column":43}},"26":{"start":{"line":85,"column":20},"end":{"line":89,"column":6}},"27":{"start":{"line":90,"column":4},"end":{"line":94,"column":9}},"28":{"start":{"line":91,"column":6},"end":{"line":94,"column":9}},"29":{"start":{"line":95,"column":4},"end":{"line":106,"column":7}},"30":{"start":{"line":108,"column":4},"end":{"line":108,"column":74}},"31":{"start":{"line":109,"column":32},"end":{"line":109,"column":58}},"32":{"start":{"line":110,"column":4},"end":{"line":113,"column":7}},"33":{"start":{"line":60,"column":13},"end":{"line":60,"column":26}},"34":{"start":{"line":120,"column":31},"end":{"line":153,"column":1}},"35":{"start":{"line":124,"column":25},"end":{"line":124,"column":35}},"36":{"start":{"line":125,"column":2},"end":{"line":152,"column":3}},"37":{"start":{"line":126,"column":25},"end":{"line":130,"column":6}},"38":{"start":{"line":131,"column":4},"end":{"line":144,"column":7}},"39":{"start":{"line":134,"column":8},"end":{"line":142,"column":10}},"40":{"start":{"line":146,"column":4},"end":{"line":146,"column":77}},"41":{"start":{"line":147,"column":32},"end":{"line":147,"column":58}},"42":{"start":{"line":148,"column":4},"end":{"line":151,"column":7}},"43":{"start":{"line":120,"column":13},"end":{"line":120,"column":31}},"44":{"start":{"line":158,"column":29},"end":{"line":202,"column":1}},"45":{"start":{"line":162,"column":18},"end":{"line":162,"column":26}},"46":{"start":{"line":163,"column":22},"end":{"line":163,"column":66}},"47":{"start":{"line":164,"column":21},"end":{"line":164,"column":63}},"48":{"start":{"line":165,"column":2},"end":{"line":170,"column":3}},"49":{"start":{"line":166,"column":4},"end":{"line":169,"column":7}},"50":{"start":{"line":171,"column":2},"end":{"line":201,"column":3}},"51":{"start":{"line":172,"column":23},"end":{"line":181,"column":6}},"52":{"start":{"line":182,"column":4},"end":{"line":193,"column":7}},"53":{"start":{"line":195,"column":4},"end":{"line":195,"column":49}},"54":{"start":{"line":196,"column":32},"end":{"line":196,"column":58}},"55":{"start":{"line":197,"column":4},"end":{"line":200,"column":7}},"56":{"start":{"line":158,"column":13},"end":{"line":158,"column":29}}},"fnMap":{"0":{"name":"(anonymous_1)","decl":{"start":{"line":17,"column":27},"end":{"line":17,"column":32}},"loc":{"start":{"line":20,"column":4},"end":{"line":54,"column":1}}},"1":{"name":"(anonymous_2)","decl":{"start":{"line":34,"column":25},"end":{"line":34,"column":26}},"loc":{"start":{"line":34,"column":37},"end":{"line":44,"column":7}}},"2":{"name":"(anonymous_3)","decl":{"start":{"line":60,"column":26},"end":{"line":60,"column":31}},"loc":{"start":{"line":63,"column":4},"end":{"line":115,"column":1}}},"3":{"name":"(anonymous_4)","decl":{"start":{"line":120,"column":31},"end":{"line":120,"column":36}},"loc":{"start":{"line":123,"column":38},"end":{"line":153,"column":1}}},"4":{"name":"(anonymous_5)","decl":{"start":{"line":133,"column":29},"end":{"line":133,"column":30}},"loc":{"start":{"line":133,"column":41},"end":{"line":143,"column":7}}},"5":{"name":"(anonymous_6)","decl":{"start":{"line":158,"column":29},"end":{"line":158,"column":34}},"loc":{"start":{"line":161,"column":4},"end":{"line":202,"column":1}}}},"branchMap":{"0":{"loc":{"start":{"line":23,"column":4},"end":{"line":31,"column":5}},"type":"if","locations":[{"start":{"line":23,"column":4},"end":{"line":31,"column":5}},{"start":{"line":25,"column":11},"end":{"line":31,"column":5}}]},"1":{"loc":{"start":{"line":40,"column":27},"end":{"line":40,"column":57}},"type":"binary-expr","locations":[{"start":{"line":40,"column":27},"end":{"line":40,"column":51}},{"start":{"line":40,"column":55},"end":{"line":40,"column":57}}]},"2":{"loc":{"start":{"line":65,"column":2},"end":{"line":82,"column":3}},"type":"if","locations":[{"start":{"line":65,"column":2},"end":{"line":82,"column":3}}]},"3":{"loc":{"start":{"line":71,"column":4},"end":{"line":75,"column":9}},"type":"if","locations":[{"start":{"line":71,"column":4},"end":{"line":75,"column":9}}]},"4":{"loc":{"start":{"line":76,"column":4},"end":{"line":81,"column":5}},"type":"if","locations":[{"start":{"line":76,"column":4},"end":{"line":81,"column":5}}]},"5":{"loc":{"start":{"line":90,"column":4},"end":{"line":94,"column":9}},"type":"if","locations":[{"start":{"line":90,"column":4},"end":{"line":94,"column":9}}]},"6":{"loc":{"start":{"line":104,"column":25},"end":{"line":104,"column":55}},"type":"binary-expr","locations":[{"start":{"line":104,"column":25},"end":{"line":104,"column":49}},{"start":{"line":104,"column":53},"end":{"line":104,"column":55}}]},"7":{"loc":{"start":{"line":141,"column":27},"end":{"line":141,"column":57}},"type":"binary-expr","locations":[{"start":{"line":141,"column":27},"end":{"line":141,"column":51}},{"start":{"line":141,"column":55},"end":{"line":141,"column":57}}]},"8":{"loc":{"start":{"line":165,"column":2},"end":{"line":170,"column":3}},"type":"if","locations":[{"start":{"line":165,"column":2},"end":{"line":170,"column":3}}]},"9":{"loc":{"start":{"line":168,"column":15},"end":{"line":168,"column":59}},"type":"binary-expr","locations":[{"start":{"line":168,"column":15},"end":{"line":168,"column":33}},{"start":{"line":168,"column":37},"end":{"line":168,"column":59}}]},"10":{"loc":{"start":{"line":176,"column":17},"end":{"line":176,"column":37}},"type":"binary-expr","locations":[{"start":{"line":176,"column":17},"end":{"line":176,"column":32}},{"start":{"line":176,"column":36},"end":{"line":176,"column":37}}]},"11":{"loc":{"start":{"line":177,"column":26},"end":{"line":177,"column":55}},"type":"binary-expr","locations":[{"start":{"line":177,"column":26},"end":{"line":177,"column":49}},{"start":{"line":177,"column":53},"end":{"line":177,"column":55}}]},"12":{"loc":{"start":{"line":189,"column":25},"end":{"line":189,"column":58}},"type":"binary-expr","locations":[{"start":{"line":189,"column":25},"end":{"line":189,"column":52}},{"start":{"line":189,"column":56},"end":{"line":189,"column":58}}]}},"s":{"0":0,"1":0,"2":0,"3":0,"4":0,"5":0,"6":0,"7":0,"8":0,"9":0,"10":0,"11":0,"12":0,"13":0,"14":0,"15":0,"16":0,"17":0,"18":0,"19":0,"20":0,"21":0,"22":0,"23":0,"24":0,"25":0,"26":0,"27":0,"28":0,"29":0,"30":0,"31":0,"32":0,"33":0,"34":0,"35":0,"36":0,"37":0,"38":0,"39":0,"40":0,"41":0,"42":0,"43":0,"44":0,"45":0,"46":0,"47":0,"48":0,"49":0,"50":0,"51":0,"52":0,"53":0,"54":0,"55":0,"56":0},"f":{"0":0,"1":0,"2":0,"3":0,"4":0,"5":0},"b":{"0":[0,0],"1":[0,0],"2":[0],"3":[0],"4":[0],"5":[0],"6":[0,0],"7":[0,0],"8":[0],"9":[0,0],"10":[0,0],"11":[0,0],"12":[0,0]}}
,"/home/jorus/Desktop/microservices/accounts/src/middleware/auth.ts": {"path":"/home/jorus/Desktop/microservices/accounts/src/middleware/auth.ts","statementMap":{"0":{"start":{"line":1,"column":0},"end":{"line":1,"column":23}},"1":{"start":{"line":3,"column":0},"end":{"line":3,"column":47}},"2":{"start":{"line":4,"column":0},"end":{"line":4,"column":53}},"3":{"start":{"line":5,"column":0},"end":{"line":5,"column":31}},"4":{"start":{"line":11,"column":35},"end":{"line":33,"column":1}},"5":{"start":{"line":16,"column":21},"end":{"line":16,"column":49}},"6":{"start":{"line":17,"column":2},"end":{"line":20,"column":3}},"7":{"start":{"line":18,"column":4},"end":{"line":18,"column":62}},"8":{"start":{"line":19,"column":4},"end":{"line":19,"column":77}},"9":{"start":{"line":21,"column":16},"end":{"line":21,"column":40}},"10":{"start":{"line":22,"column":2},"end":{"line":32,"column":3}},"11":{"start":{"line":23,"column":20},"end":{"line":25,"column":null}},"12":{"start":{"line":27,"column":4},"end":{"line":27,"column":23}},"13":{"start":{"line":28,"column":4},"end":{"line":28,"column":11}},"14":{"start":{"line":30,"column":4},"end":{"line":30,"column":43}},"15":{"start":{"line":31,"column":4},"end":{"line":31,"column":78}},"16":{"start":{"line":11,"column":13},"end":{"line":11,"column":35}},"17":{"start":{"line":34,"column":25},"end":{"line":46,"column":1}},"18":{"start":{"line":39,"column":2},"end":{"line":44,"column":3}},"19":{"start":{"line":40,"column":4},"end":{"line":42,"column":6}},"20":{"start":{"line":43,"column":4},"end":{"line":43,"column":74}},"21":{"start":{"line":45,"column":2},"end":{"line":45,"column":9}},"22":{"start":{"line":34,"column":13},"end":{"line":34,"column":25}}},"fnMap":{"0":{"name":"(anonymous_1)","decl":{"start":{"line":11,"column":35},"end":{"line":11,"column":null}},"loc":{"start":{"line":15,"column":4},"end":{"line":33,"column":1}}},"1":{"name":"(anonymous_2)","decl":{"start":{"line":34,"column":25},"end":{"line":34,"column":null}},"loc":{"start":{"line":38,"column":4},"end":{"line":46,"column":1}}}},"branchMap":{"0":{"loc":{"start":{"line":17,"column":2},"end":{"line":20,"column":3}},"type":"if","locations":[{"start":{"line":17,"column":2},"end":{"line":20,"column":3}}]},"1":{"loc":{"start":{"line":17,"column":6},"end":{"line":17,"column":54}},"type":"binary-expr","locations":[{"start":{"line":17,"column":6},"end":{"line":17,"column":17}},{"start":{"line":17,"column":21},"end":{"line":17,"column":54}}]},"2":{"loc":{"start":{"line":39,"column":2},"end":{"line":44,"column":3}},"type":"if","locations":[{"start":{"line":39,"column":2},"end":{"line":44,"column":3}}]}},"s":{"0":0,"1":0,"2":0,"3":0,"4":0,"5":0,"6":0,"7":0,"8":0,"9":0,"10":0,"11":0,"12":0,"13":0,"14":0,"15":0,"16":0,"17":0,"18":0,"19":0,"20":0,"21":0,"22":0},"f":{"0":0,"1":0},"b":{"0":[0],"1":[0,0],"2":[0]}}
,"/home/jorus/Desktop/microservices/accounts/src/middleware/metrics.ts": {"path":"/home/jorus/Desktop/microservices/accounts/src/middleware/metrics.ts","statementMap":{"0":{"start":{"line":2,"column":0},"end":{"line":2,"column":67}},"1":{"start":{"line":5,"column":33},"end":{"line":21,"column":1}},"2":{"start":{"line":10,"column":14},"end":{"line":10,"column":46}},"3":{"start":{"line":11,"column":2},"end":{"line":19,"column":5}},"4":{"start":{"line":12,"column":19},"end":{"line":16,"column":6}},"5":{"start":{"line":17,"column":4},"end":{"line":17,"column":16}},"6":{"start":{"line":18,"column":4},"end":{"line":18,"column":33}},"7":{"start":{"line":20,"column":2},"end":{"line":20,"column":9}},"8":{"start":{"line":5,"column":13},"end":{"line":5,"column":33}}},"fnMap":{"0":{"name":"(anonymous_0)","decl":{"start":{"line":5,"column":33},"end":{"line":5,"column":null}},"loc":{"start":{"line":9,"column":4},"end":{"line":21,"column":1}}},"1":{"name":"(anonymous_1)","decl":{"start":{"line":11,"column":19},"end":{"line":11,"column":22}},"loc":{"start":{"line":11,"column":24},"end":{"line":19,"column":3}}}},"branchMap":{"0":{"loc":{"start":{"line":14,"column":13},"end":{"line":14,"column":40}},"type":"binary-expr","locations":[{"start":{"line":14,"column":13},"end":{"line":14,"column":28}},{"start":{"line":14,"column":32},"end":{"line":14,"column":40}}]}},"s":{"0":0,"1":0,"2":0,"3":0,"4":0,"5":0,"6":0,"7":0,"8":0},"f":{"0":0,"1":0},"b":{"0":[0,0]}}
,"/home/jorus/Desktop/microservices/accounts/src/models/index.ts": {"path":"/home/jorus/Desktop/microservices/accounts/src/models/index.ts","statementMap":{"0":{"start":{"line":23,"column":0},"end":{"line":23,"column":null}},"1":{"start":{"line":24,"column":2},"end":{"line":24,"column":null}},"2":{"start":{"line":25,"column":2},"end":{"line":25,"column":null}},"3":{"start":{"line":28,"column":0},"end":{"line":28,"column":null}},"4":{"start":{"line":29,"column":2},"end":{"line":29,"column":null}},"5":{"start":{"line":30,"column":2},"end":{"line":30,"column":null}}},"fnMap":{"0":{"name":"(anonymous_0)","decl":{"start":{"line":23,"column":0},"end":{"line":23,"column":12}},"loc":{"start":{"line":23,"column":23},"end":{"line":26,"column":1}}},"1":{"name":"(anonymous_1)","decl":{"start":{"line":28,"column":0},"end":{"line":28,"column":12}},"loc":{"start":{"line":28,"column":25},"end":{"line":31,"column":1}}}},"branchMap":{"0":{"loc":{"start":{"line":23,"column":12},"end":{"line":23,"column":null}},"type":"binary-expr","locations":[{"start":{"line":23,"column":12},"end":{"line":23,"column":23}},{"start":{"line":23,"column":23},"end":{"line":23,"column":null}}]},"1":{"loc":{"start":{"line":28,"column":12},"end":{"line":28,"column":null}},"type":"binary-expr","locations":[{"start":{"line":28,"column":12},"end":{"line":28,"column":25}},{"start":{"line":28,"column":25},"end":{"line":28,"column":null}}]}},"s":{"0":0,"1":0,"2":0,"3":0,"4":0,"5":0},"f":{"0":0,"1":0},"b":{"0":[0,0],"1":[0,0]}}
,"/home/jorus/Desktop/microservices/accounts/src/routes/health.ts": {"path":"/home/jorus/Desktop/microservices/accounts/src/routes/health.ts","statementMap":{"0":{"start":{"line":1,"column":0},"end":{"line":1,"column":30}},"1":{"start":{"line":2,"column":0},"end":{"line":2,"column":31}},"2":{"start":{"line":4,"column":21},"end":{"line":4,"column":37}},"3":{"start":{"line":6,"column":0},"end":{"line":9,"column":3}},"4":{"start":{"line":7,"column":2},"end":{"line":7,"column":46}},"5":{"start":{"line":8,"column":2},"end":{"line":8,"column":29}},"6":{"start":{"line":11,"column":0},"end":{"line":14,"column":3}},"7":{"start":{"line":12,"column":2},"end":{"line":12,"column":45}},"8":{"start":{"line":13,"column":2},"end":{"line":13,"column":32}},"9":{"start":{"line":16,"column":0},"end":{"line":16,"column":28}}},"fnMap":{"0":{"name":"(anonymous_1)","decl":{"start":{"line":6,"column":28},"end":{"line":6,"column":29}},"loc":{"start":{"line":6,"column":41},"end":{"line":9,"column":1}}},"1":{"name":"(anonymous_2)","decl":{"start":{"line":11,"column":27},"end":{"line":11,"column":28}},"loc":{"start":{"line":11,"column":40},"end":{"line":14,"column":1}}}},"branchMap":{},"s":{"0":0,"1":0,"2":0,"3":0,"4":0,"5":0,"6":0,"7":0,"8":0,"9":0},"f":{"0":0,"1":0},"b":{}}
,"/home/jorus/Desktop/microservices/accounts/src/routes/index.ts": {"path":"/home/jorus/Desktop/microservices/accounts/src/routes/index.ts","statementMap":{"0":{"start":{"line":1,"column":0},"end":{"line":1,"column":30}},"1":{"start":{"line":2,"column":0},"end":{"line":2,"column":null}},"2":{"start":{"line":8,"column":0},"end":{"line":8,"column":68}},"3":{"start":{"line":10,"column":22},"end":{"line":10,"column":38}},"4":{"start":{"line":11,"column":0},"end":{"line":14,"column":44}},"5":{"start":{"line":15,"column":0},"end":{"line":15,"column":65}},"6":{"start":{"line":16,"column":0},"end":{"line":18,"column":56}},"7":{"start":{"line":20,"column":0},"end":{"line":20,"column":29}}},"fnMap":{},"branchMap":{},"s":{"0":0,"1":0,"2":0,"3":0,"4":0,"5":0,"6":0,"7":0},"f":{},"b":{}}
,"/home/jorus/Desktop/microservices/accounts/src/utils/prisma.ts": {"path":"/home/jorus/Desktop/microservices/accounts/src/utils/prisma.ts","statementMap":{"0":{"start":{"line":21,"column":0},"end":{"line":21,"column":16}},"1":{"start":{"line":1,"column":0},"end":{"line":1,"column":23}},"2":{"start":{"line":2,"column":0},"end":{"line":2,"column":46}},"3":{"start":{"line":3,"column":0},"end":{"line":3,"column":61}},"4":{"start":{"line":4,"column":0},"end":{"line":4,"column":81}},"5":{"start":{"line":5,"column":0},"end":{"line":5,"column":null}},"6":{"start":{"line":12,"column":0},"end":{"line":14,"column":1}},"7":{"start":{"line":13,"column":2},"end":{"line":13,"column":49}},"8":{"start":{"line":16,"column":16},"end":{"line":18,"column":2}},"9":{"start":{"line":19,"column":13},"end":{"line":19,"column":52}},"10":{"start":{"line":26,"column":2},"end":{"line":59,"column":3}},"11":{"start":{"line":27,"column":4},"end":{"line":58,"column":5}},"12":{"start":{"line":29,"column":8},"end":{"line":32,"column":10}},"13":{"start":{"line":36,"column":8},"end":{"line":39,"column":10}},"14":{"start":{"line":42,"column":8},"end":{"line":45,"column":10}},"15":{"start":{"line":48,"column":8},"end":{"line":51,"column":10}},"16":{"start":{"line":54,"column":8},"end":{"line":57,"column":10}},"17":{"start":{"line":62,"column":2},"end":{"line":67,"column":3}},"18":{"start":{"line":63,"column":4},"end":{"line":66,"column":6}},"19":{"start":{"line":70,"column":2},"end":{"line":75,"column":3}},"20":{"start":{"line":71,"column":4},"end":{"line":74,"column":6}},"21":{"start":{"line":78,"column":2},"end":{"line":83,"column":3}},"22":{"start":{"line":79,"column":4},"end":{"line":82,"column":6}},"23":{"start":{"line":86,"column":2},"end":{"line":91,"column":3}},"24":{"start":{"line":87,"column":4},"end":{"line":90,"column":6}},"25":{"start":{"line":94,"column":2},"end":{"line":97,"column":4}}},"fnMap":{"0":{"name":"getPrismaErrorMessage","decl":{"start":{"line":21,"column":16},"end":{"line":21,"column":37}},"loc":{"start":{"line":21,"column":50},"end":{"line":98,"column":1}}}},"branchMap":{"0":{"loc":{"start":{"line":12,"column":0},"end":{"line":14,"column":1}},"type":"if","locations":[{"start":{"line":12,"column":0},"end":{"line":14,"column":1}}]},"1":{"loc":{"start":{"line":26,"column":2},"end":{"line":59,"column":3}},"type":"if","locations":[{"start":{"line":26,"column":2},"end":{"line":59,"column":3}}]},"2":{"loc":{"start":{"line":27,"column":4},"end":{"line":58,"column":5}},"type":"switch","locations":[{"start":{"line":28,"column":6},"end":{"line":33,"column":7}},{"start":{"line":35,"column":6},"end":{"line":39,"column":10}},{"start":{"line":41,"column":6},"end":{"line":45,"column":10}},{"start":{"line":47,"column":6},"end":{"line":51,"column":10}},{"start":{"line":53,"column":6},"end":{"line":57,"column":10}}]},"3":{"loc":{"start":{"line":62,"column":2},"end":{"line":67,"column":3}},"type":"if","locations":[{"start":{"line":62,"column":2},"end":{"line":67,"column":3}}]},"4":{"loc":{"start":{"line":70,"column":2},"end":{"line":75,"column":3}},"type":"if","locations":[{"start":{"line":70,"column":2},"end":{"line":75,"column":3}}]},"5":{"loc":{"start":{"line":78,"column":2},"end":{"line":83,"column":3}},"type":"if","locations":[{"start":{"line":78,"column":2},"end":{"line":83,"column":3}}]},"6":{"loc":{"start":{"line":86,"column":2},"end":{"line":91,"column":3}},"type":"if","locations":[{"start":{"line":86,"column":2},"end":{"line":91,"column":3}}]}},"s":{"0":0,"1":0,"2":0,"3":0,"4":0,"5":0,"6":0,"7":0,"8":0,"9":0,"10":0,"11":0,"12":0,"13":0,"14":0,"15":0,"16":0,"17":0,"18":0,"19":0,"20":0,"21":0,"22":0,"23":0,"24":0,"25":0},"f":{"0":0},"b":{"0":[0],"1":[0],"2":[0,0,0,0,0],"3":[0],"4":[0],"5":[0],"6":[0]}}
,"/home/jorus/Desktop/microservices/accounts/src/utils/validation-utils.ts": {"path":"/home/jorus/Desktop/microservices/accounts/src/utils/validation-utils.ts","statementMap":{"0":{"start":{"line":1,"column":0},"end":{"line":1,"column":40}},"1":{"start":{"line":7,"column":34},"end":{"line":9,"column":1}},"2":{"start":{"line":8,"column":2},"end":{"line":8,"column":58}},"3":{"start":{"line":7,"column":13},"end":{"line":7,"column":34}},"4":{"start":{"line":11,"column":0},"end":{"line":11,"column":null}},"5":{"start":{"line":12,"column":2},"end":{"line":12,"column":null}},"6":{"start":{"line":13,"column":2},"end":{"line":13,"column":null}},"7":{"start":{"line":16,"column":37},"end":{"line":64,"column":1}},"8":{"start":{"line":20,"column":2},"end":{"line":25,"column":3}},"9":{"start":{"line":21,"column":4},"end":{"line":24,"column":6}},"10":{"start":{"line":27,"column":2},"end":{"line":35,"column":3}},"11":{"start":{"line":31,"column":4},"end":{"line":34,"column":6}},"12":{"start":{"line":36,"column":2},"end":{"line":44,"column":3}},"13":{"start":{"line":40,"column":4},"end":{"line":43,"column":6}},"14":{"start":{"line":45,"column":2},"end":{"line":53,"column":3}},"15":{"start":{"line":49,"column":4},"end":{"line":52,"column":6}},"16":{"start":{"line":54,"column":2},"end":{"line":62,"column":3}},"17":{"start":{"line":58,"column":4},"end":{"line":61,"column":6}},"18":{"start":{"line":63,"column":2},"end":{"line":63,"column":27}},"19":{"start":{"line":16,"column":13},"end":{"line":16,"column":37}}},"fnMap":{"0":{"name":"(anonymous_0)","decl":{"start":{"line":7,"column":34},"end":{"line":7,"column":35}},"loc":{"start":{"line":7,"column":55},"end":{"line":9,"column":1}}},"1":{"name":"(anonymous_1)","decl":{"start":{"line":11,"column":0},"end":{"line":11,"column":12}},"loc":{"start":{"line":11,"column":20},"end":{"line":14,"column":1}}},"2":{"name":"(anonymous_2)","decl":{"start":{"line":16,"column":37},"end":{"line":16,"column":null}},"loc":{"start":{"line":19,"column":24},"end":{"line":64,"column":1}}}},"branchMap":{"0":{"loc":{"start":{"line":11,"column":12},"end":{"line":11,"column":null}},"type":"binary-expr","locations":[{"start":{"line":11,"column":12},"end":{"line":11,"column":20}},{"start":{"line":11,"column":20},"end":{"line":11,"column":null}}]},"1":{"loc":{"start":{"line":20,"column":2},"end":{"line":25,"column":3}},"type":"if","locations":[{"start":{"line":20,"column":2},"end":{"line":25,"column":3}}]},"2":{"loc":{"start":{"line":20,"column":6},"end":{"line":20,"column":69}},"type":"binary-expr","locations":[{"start":{"line":20,"column":6},"end":{"line":20,"column":26}},{"start":{"line":20,"column":30},"end":{"line":20,"column":69}}]},"3":{"loc":{"start":{"line":27,"column":2},"end":{"line":35,"column":3}},"type":"if","locations":[{"start":{"line":27,"column":2},"end":{"line":35,"column":3}}]},"4":{"loc":{"start":{"line":28,"column":4},"end":{"line":29,"column":39}},"type":"binary-expr","locations":[{"start":{"line":28,"column":4},"end":{"line":28,"column":47}},{"start":{"line":29,"column":4},"end":{"line":29,"column":39}}]},"5":{"loc":{"start":{"line":36,"column":2},"end":{"line":44,"column":3}},"type":"if","locations":[{"start":{"line":36,"column":2},"end":{"line":44,"column":3}}]},"6":{"loc":{"start":{"line":37,"column":4},"end":{"line":38,"column":49}},"type":"binary-expr","locations":[{"start":{"line":37,"column":4},"end":{"line":37,"column":29}},{"start":{"line":38,"column":4},"end":{"line":38,"column":49}}]},"7":{"loc":{"start":{"line":45,"column":2},"end":{"line":53,"column":3}},"type":"if","locations":[{"start":{"line":45,"column":2},"end":{"line":53,"column":3}}]},"8":{"loc":{"start":{"line":46,"column":4},"end":{"line":47,"column":74}},"type":"binary-expr","locations":[{"start":{"line":46,"column":4},"end":{"line":46,"column":38}},{"start":{"line":47,"column":5},"end":{"line":47,"column":45}},{"start":{"line":47,"column":49},"end":{"line":47,"column":73}}]},"9":{"loc":{"start":{"line":54,"column":2},"end":{"line":62,"column":3}},"type":"if","locations":[{"start":{"line":54,"column":2},"end":{"line":62,"column":3}}]},"10":{"loc":{"start":{"line":55,"column":4},"end":{"line":56,"column":52}},"type":"binary-expr","locations":[{"start":{"line":55,"column":4},"end":{"line":55,"column":32}},{"start":{"line":56,"column":4},"end":{"line":56,"column":52}}]}},"s":{"0":0,"1":0,"2":0,"3":0,"4":0,"5":0,"6":0,"7":0,"8":0,"9":0,"10":0,"11":0,"12":0,"13":0,"14":0,"15":0,"16":0,"17":0,"18":0,"19":0},"f":{"0":0,"1":0,"2":0},"b":{"0":[0,0],"1":[0],"2":[0,0],"3":[0],"4":[0,0],"5":[0],"6":[0,0],"7":[0],"8":[0,0,0],"9":[0],"10":[0,0]}}
}
